<?xml version="1.0" encoding="UTF-8"?>
<testsuite xmlns:xsi="http://www.w3.org/2001/XMLSchema-instance" xsi:noNamespaceSchemaLocation="https://maven.apache.org/surefire/maven-surefire-plugin/xsd/surefire-test-report-3.0.xsd" version="3.0" name="com.jpmc.midascore.TaskFiveTests" time="16.233" tests="1" errors="0" skipped="0" failures="0">
  <properties>
[...]
</properties>
  <testcase name="task_five_verifier" classname="com.jpmc.midascore.TaskFiveTests" time="4.027">
    <system-out><![CDATA[17:11:37.935 [main] INFO org.springframework.test.context.support.AnnotationConfigContextLoaderUtils -- Could not detect default configuration classes for test class [com.jpmc.midascore.TaskFiveTests]: TaskFiveTests does not declare any static, non-private, non-final, nested classes annotated with @Configuration.
17:11:38.116 [main] INFO org.springframework.boot.test.context.SpringBootTestContextBootstrapper -- Found @SpringBootConfiguration com.jpmc.midascore.MidasCoreApplication for test class com.jpmc.midascore.TaskFiveTests

  .   ____          _            __ _ _
 /\\ / ___'_ __ _ _(_)_ __  __ _ \ \ \ \
( ( )\___ | '_ | '_| | '_ \/ _` | \ \ \ \
 \\/  ___)| |_)| | | | | || (_| |  ) ) ) )
  '  |____| .__|_| |_|_| |_\__, | / / / /
 =========|_|==============|___/=/_/_/_/
 :: Spring Boot ::                (v3.2.2)

2025-11-09T17:11:39.177+05:30  INFO 18184 --- [           main] k.utils.Log4jControllerRegistration$     : Registered kafka:type=kafka.Log4jController MBean
2025-11-09T17:11:39.291+05:30  INFO 18184 --- [           main] o.a.zookeeper.server.ZooKeeperServer     : 
2025-11-09T17:11:39.292+05:30  INFO 18184 --- [           main] o.a.zookeeper.server.ZooKeeperServer     :   ______                  _                                          
2025-11-09T17:11:39.292+05:30  INFO 18184 --- [           main] o.a.zookeeper.server.ZooKeeperServer     :  |___  /                 | |                                         
2025-11-09T17:11:39.292+05:30  INFO 18184 --- [           main] o.a.zookeeper.server.ZooKeeperServer     :     / /    ___     ___   | | __   ___    ___   _ __     ___   _ __   
2025-11-09T17:11:39.292+05:30  INFO 18184 --- [           main] o.a.zookeeper.server.ZooKeeperServer     :    / /    / _ \   / _ \  | |/ /  / _ \  / _ \ | '_ \   / _ \ | '__|
2025-11-09T17:11:39.292+05:30  INFO 18184 --- [           main] o.a.zookeeper.server.ZooKeeperServer     :   / /__  | (_) | | (_) | |   <  |  __/ |  __/ | |_) | |  __/ | |    
2025-11-09T17:11:39.293+05:30  INFO 18184 --- [           main] o.a.zookeeper.server.ZooKeeperServer     :  /_____|  \___/   \___/  |_|\_\  \___|  \___| | .__/   \___| |_|
2025-11-09T17:11:39.293+05:30  INFO 18184 --- [           main] o.a.zookeeper.server.ZooKeeperServer     :                                               | |                     
2025-11-09T17:11:39.293+05:30  INFO 18184 --- [           main] o.a.zookeeper.server.ZooKeeperServer     :                                               |_|                     
2025-11-09T17:11:39.293+05:30  INFO 18184 --- [           main] o.a.zookeeper.server.ZooKeeperServer     : 
2025-11-09T17:11:39.307+05:30  INFO 18184 --- [           main] o.a.zookeeper.server.ZooKeeperServer     : Server environment:zookeeper.version=3.8.4-9316c2a7a97e1666d8f4593f34dd6fc36ecc436c, built on 2024-02-12 22:16 UTC
2025-11-09T17:11:39.307+05:30  INFO 18184 --- [           main] o.a.zookeeper.server.ZooKeeperServer     : Server environment:host.name=host.docker.internal
2025-11-09T17:11:39.308+05:30  INFO 18184 --- [           main] o.a.zookeeper.server.ZooKeeperServer     : Server environment:java.version=17.0.2
2025-11-09T17:11:39.308+05:30  INFO 18184 --- [           main] o.a.zookeeper.server.ZooKeeperServer     : Server environment:java.vendor=Oracle Corporation
2025-11-09T17:11:39.308+05:30  INFO 18184 --- [           main] o.a.zookeeper.server.ZooKeeperServer     : Server environment:java.home=C:\Program Files\OpenJDK\jdk-17.0.2
2025-11-09T17:11:39.308+05:30  INFO 18184 --- [           main] o.a.zookeeper.server.ZooKeeperServer     : Server environment:java.class.path=C:\Users\Misha\.m2\repository\org\apache\maven\surefire\surefire-api\3.1.2\surefire-api-3.1.2.jar;C:\Users\Misha\.m2\repository\org\apache\maven\surefire\surefire-booter\3.1.2\surefire-booter-3.1.2.jar;C:\Users\Misha\.m2\repository\org\apache\maven\surefire\surefire-extensions-spi\3.1.2\surefire-extensions-spi-3.1.2.jar;C:\Users\Misha\.m2\repository\org\apache\maven\surefire\surefire-logger-api\3.1.2\surefire-logger-api-3.1.2.jar;C:\Users\Misha\.m2\repository\org\apache\maven\surefire\surefire-shared-utils\3.1.2\surefire-shared-utils-3.1.2.jar;C:\Users\Misha\Midas_Forage_ver3\target\test-classes;C:\Users\Misha\Midas_Forage_ver3\target\classes;C:\Users\Misha\.m2\repository\org\springframework\boot\spring-boot-starter-web\3.2.2\spring-boot-starter-web-3.2.2.jar;C:\Users\Misha\.m2\repository\org\springframework\boot\spring-boot-starter\3.2.2\spring-boot-starter-3.2.2.jar;C:\Users\Misha\.m2\repository\org\springframework\boot\spring-boot\3.2.2\spring-boot-3.2.2.jar;C:\Users\Misha\.m2\repository\org\springframework\boot\spring-boot-autoconfigure\3.2.2\spring-boot-autoconfigure-3.2.2.jar;C:\Users\Misha\.m2\repository\org\springframework\boot\spring-boot-starter-logging\3.2.2\spring-boot-starter-logging-3.2.2.jar;C:\Users\Misha\.m2\repository\org\apache\logging\log4j\log4j-to-slf4j\2.21.1\log4j-to-slf4j-2.21.1.jar;C:\Users\Misha\.m2\repository\org\apache\logging\log4j\log4j-api\2.21.1\log4j-api-2.21.1.jar;C:\Users\Misha\.m2\repository\org\slf4j\jul-to-slf4j\2.0.11\jul-to-slf4j-2.0.11.jar;C:\Users\Misha\.m2\repository\jakarta\annotation\jakarta.annotation-api\2.1.1\jakarta.annotation-api-2.1.1.jar;C:\Users\Misha\.m2\repository\org\yaml\snakeyaml\2.2\snakeyaml-2.2.jar;C:\Users\Misha\.m2\repository\org\springframework\boot\spring-boot-starter-json\3.2.2\spring-boot-starter-json-3.2.2.jar;C:\Users\Misha\.m2\repository\com\fasterxml\jackson\datatype\jackson-datatype-jdk8\2.15.3\jackson-datatype-jdk8-2.15.3.jar;C:\Users\Misha\.m2\repository\com\fasterxml\jackson\datatype\jackson-datatype-jsr310\2.15.3\jackson-datatype-jsr310-2.15.3.jar;C:\Users\Misha\.m2\repository\com\fasterxml\jackson\module\jackson-module-parameter-names\2.15.3\jackson-module-parameter-names-2.15.3.jar;C:\Users\Misha\.m2\repository\org\springframework\boot\spring-boot-starter-tomcat\3.2.2\spring-boot-starter-tomcat-3.2.2.jar;C:\Users\Misha\.m2\repository\org\apache\tomcat\embed\tomcat-embed-core\10.1.18\tomcat-embed-core-10.1.18.jar;C:\Users\Misha\.m2\repository\org\apache\tomcat\embed\tomcat-embed-el\10.1.18\tomcat-embed-el-10.1.18.jar;C:\Users\Misha\.m2\repository\org\apache\tomcat\embed\tomcat-embed-websocket\10.1.18\tomcat-embed-websocket-10.1.18.jar;C:\Users\Misha\.m2\repository\org\springframework\spring-web\6.1.3\spring-web-6.1.3.jar;C:\Users\Misha\.m2\repository\org\springframework\spring-beans\6.1.3\spring-beans-6.1.3.jar;C:\Users\Misha\.m2\repository\org\springframework\spring-webmvc\6.1.3\spring-webmvc-6.1.3.jar;C:\Users\Misha\.m2\repository\org\springframework\spring-aop\6.1.3\spring-aop-6.1.3.jar;C:\Users\Misha\.m2\repository\org\springframework\spring-expression\6.1.3\spring-expression-6.1.3.jar;C:\Users\Misha\.m2\repository\org\springframework\boot\spring-boot-starter-data-jpa\3.2.2\spring-boot-starter-data-jpa-3.2.2.jar;C:\Users\Misha\.m2\repository\org\springframework\boot\spring-boot-starter-aop\3.2.2\spring-boot-starter-aop-3.2.2.jar;C:\Users\Misha\.m2\repository\org\aspectj\aspectjweaver\1.9.21\aspectjweaver-1.9.21.jar;C:\Users\Misha\.m2\repository\org\springframework\boot\spring-boot-starter-jdbc\3.2.2\spring-boot-starter-jdbc-3.2.2.jar;C:\Users\Misha\.m2\repository\com\zaxxer\HikariCP\5.0.1\HikariCP-5.0.1.jar;C:\Users\Misha\.m2\repository\org\springframework\spring-jdbc\6.1.3\spring-jdbc-6.1.3.jar;C:\Users\Misha\.m2\repository\org\hibernate\orm\hibernate-core\6.4.1.Final\hibernate-core-6.4.1.Final.jar;C:\Users\Misha\.m2\repository\jakarta\transaction\jakarta.transaction-api\2.0.1\jakarta.transaction-api-2.0.1.jar;C:\Users\Misha\.m2\repository\org\jboss\logging\jboss-logging\3.5.3.Final\jboss-logging-3.5.3.Final.jar;C:\Users\Misha\.m2\repository\org\hibernate\common\hibernate-commons-annotations\6.0.6.Final\hibernate-commons-annotations-6.0.6.Final.jar;C:\Users\Misha\.m2\repository\io\smallrye\jandex\3.1.2\jandex-3.1.2.jar;C:\Users\Misha\.m2\repository\com\fasterxml\classmate\1.6.0\classmate-1.6.0.jar;C:\Users\Misha\.m2\repository\net\bytebuddy\byte-buddy\1.14.11\byte-buddy-1.14.11.jar;C:\Users\Misha\.m2\repository\org\glassfish\jaxb\jaxb-runtime\4.0.4\jaxb-runtime-4.0.4.jar;C:\Users\Misha\.m2\repository\org\glassfish\jaxb\jaxb-core\4.0.4\jaxb-core-4.0.4.jar;C:\Users\Misha\.m2\repository\org\eclipse\angus\angus-activation\2.0.1\angus-activation-2.0.1.jar;C:\Users\Misha\.m2\repository\org\glassfish\jaxb\txw2\4.0.4\txw2-4.0.4.jar;C:\Users\Misha\.m2\repository\com\sun\istack\istack-commons-runtime\4.1.2\istack-commons-runtime-4.1.2.jar;C:\Users\Misha\.m2\repository\jakarta\inject\jakarta.inject-api\2.0.1\jakarta.inject-api-2.0.1.jar;C:\Users\Misha\.m2\repository\org\antlr\antlr4-runtime\4.13.0\antlr4-runtime-4.13.0.jar;C:\Users\Misha\.m2\repository\org\springframework\data\spring-data-jpa\3.2.2\spring-data-jpa-3.2.2.jar;C:\Users\Misha\.m2\repository\org\springframework\data\spring-data-commons\3.2.2\spring-data-commons-3.2.2.jar;C:\Users\Misha\.m2\repository\org\springframework\spring-orm\6.1.3\spring-orm-6.1.3.jar;C:\Users\Misha\.m2\repository\org\springframework\spring-aspects\6.1.3\spring-aspects-6.1.3.jar;C:\Users\Misha\.m2\repository\com\h2database\h2\2.2.224\h2-2.2.224.jar;C:\Users\Misha\.m2\repository\com\fasterxml\jackson\core\jackson-annotations\2.15.1\jackson-annotations-2.15.1.jar;C:\Users\Misha\.m2\repository\com\fasterxml\jackson\core\jackson-databind\2.15.1\jackson-databind-2.15.1.jar;C:\Users\Misha\.m2\repository\com\fasterxml\jackson\core\jackson-core\2.15.3\jackson-core-2.15.3.jar;C:\Users\Misha\.m2\repository\jakarta\persistence\jakarta.persistence-api\3.1.0\jakarta.persistence-api-3.1.0.jar;C:\Users\Misha\.m2\repository\org\springframework\boot\spring-boot-starter-test\3.2.2\spring-boot-starter-test-3.2.2.jar;C:\Users\Misha\.m2\repository\org\springframework\boot\spring-boot-test\3.2.2\spring-boot-test-3.2.2.jar;C:\Users\Misha\.m2\repository\org\springframework\boot\spring-boot-test-autoconfigure\3.2.2\spring-boot-test-autoconfigure-3.2.2.jar;C:\Users\Misha\.m2\repository\com\jayway\jsonpath\json-path\2.8.0\json-path-2.8.0.jar;C:\Users\Misha\.m2\repository\jakarta\xml\bind\jakarta.xml.bind-api\4.0.1\jakarta.xml.bind-api-4.0.1.jar;C:\Users\Misha\.m2\repository\jakarta\activation\jakarta.activation-api\2.1.2\jakarta.activation-api-2.1.2.jar;C:\Users\Misha\.m2\repository\net\minidev\json-smart\2.5.0\json-smart-2.5.0.jar;C:\Users\Misha\.m2\repository\net\minidev\accessors-smart\2.5.0\accessors-smart-2.5.0.jar;C:\Users\Misha\.m2\repository\org\ow2\asm\asm\9.3\asm-9.3.jar;C:\Users\Misha\.m2\repository\org\assertj\assertj-core\3.24.2\assertj-core-3.24.2.jar;C:\Users\Misha\.m2\repository\org\awaitility\awaitility\4.2.0\awaitility-4.2.0.jar;C:\Users\Misha\.m2\repository\org\hamcrest\hamcrest\2.2\hamcrest-2.2.jar;C:\Users\Misha\.m2\repository\org\junit\jupiter\junit-jupiter\5.10.1\junit-jupiter-5.10.1.jar;C:\Users\Misha\.m2\repository\org\junit\jupiter\junit-jupiter-params\5.10.1\junit-jupiter-params-5.10.1.jar;C:\Users\Misha\.m2\repository\org\junit\jupiter\junit-jupiter-engine\5.10.1\junit-jupiter-engine-5.10.1.jar;C:\Users\Misha\.m2\repository\org\mockito\mockito-core\5.7.0\mockito-core-5.7.0.jar;C:\Users\Misha\.m2\repository\net\bytebuddy\byte-buddy-agent\1.14.11\byte-buddy-agent-1.14.11.jar;C:\Users\Misha\.m2\repository\org\objenesis\objenesis\3.3\objenesis-3.3.jar;C:\Users\Misha\.m2\repository\org\mockito\mockito-junit-jupiter\5.7.0\mockito-junit-jupiter-5.7.0.jar;C:\Users\Misha\.m2\repository\org\skyscreamer\jsonassert\1.5.1\jsonassert-1.5.1.jar;C:\Users\Misha\.m2\repository\com\vaadin\external\google\android-json\0.0.20131108.vaadin1\android-json-0.0.20131108.vaadin1.jar;C:\Users\Misha\.m2\repository\org\springframework\spring-core\6.1.3\spring-core-6.1.3.jar;C:\Users\Misha\.m2\repository\org\springframework\spring-jcl\6.1.3\spring-jcl-6.1.3.jar;C:\Users\Misha\.m2\repository\org\springframework\spring-test\6.1.3\spring-test-6.1.3.jar;C:\Users\Misha\.m2\repository\org\xmlunit\xmlunit-core\2.9.1\xmlunit-core-2.9.1.jar;C:\Users\Misha\.m2\repository\org\springframework\kafka\spring-kafka\3.2.7\spring-kafka-3.2.7.jar;C:\Users\Misha\.m2\repository\org\springframework\spring-context\6.1.3\spring-context-6.1.3.jar;C:\Users\Misha\.m2\repository\org\springframework\spring-messaging\6.1.3\spring-messaging-6.1.3.jar;C:\Users\Misha\.m2\repository\org\springframework\spring-tx\6.1.3\spring-tx-6.1.3.jar;C:\Users\Misha\.m2\repository\org\springframework\retry\spring-retry\2.0.5\spring-retry-2.0.5.jar;C:\Users\Misha\.m2\repository\org\apache\kafka\kafka-clients\3.6.1\kafka-clients-3.6.1.jar;C:\Users\Misha\.m2\repository\com\github\luben\zstd-jni\1.5.5-1\zstd-jni-1.5.5-1.jar;C:\Users\Misha\.m2\repository\org\lz4\lz4-java\1.8.0\lz4-java-1.8.0.jar;C:\Users\Misha\.m2\repository\org\xerial\snappy\snappy-java\1.1.10.5\snappy-java-1.1.10.5.jar;C:\Users\Misha\.m2\repository\io\micrometer\micrometer-observation\1.12.2\micrometer-observation-1.12.2.jar;C:\Users\Misha\.m2\repository\io\micrometer\micrometer-commons\1.12.2\micrometer-commons-1.12.2.jar;C:\Users\Misha\.m2\repository\org\springframework\kafka\spring-kafka-test\3.2.7\spring-kafka-test-3.2.7.jar;C:\Users\Misha\.m2\repository\org\apache\zookeeper\zookeeper\3.8.4\zookeeper-3.8.4.jar;C:\Users\Misha\.m2\repository\org\apache\zookeeper\zookeeper-jute\3.8.4\zookeeper-jute-3.8.4.jar;C:\Users\Misha\.m2\repository\org\apache\yetus\audience-annotations\0.12.0\audience-annotations-0.12.0.jar;C:\Users\Misha\.m2\repository\io\netty\netty-handler\4.1.105.Final\netty-handler-4.1.105.Final.jar;C:\Users\Misha\.m2\repository\io\netty\netty-common\4.1.105.Final\netty-common-4.1.105.Final.jar;C:\Users\Misha\.m2\repository\io\netty\netty-resolver\4.1.105.Final\netty-resolver-4.1.105.Final.jar;C:\Users\Misha\.m2\repository\io\netty\netty-buffer\4.1.105.Final\netty-buffer-4.1.105.Final.jar;C:\Users\Misha\.m2\repository\io\netty\netty-transport\4.1.105.Final\netty-transport-4.1.105.Final.jar;C:\Users\Misha\.m2\repository\io\netty\netty-transport-native-unix-common\4.1.105.Final\netty-transport-native-unix-common-4.1.105.Final.jar;C:\Users\Misha\.m2\repository\io\netty\netty-codec\4.1.105.Final\netty-codec-4.1.105.Final.jar;C:\Users\Misha\.m2\repository\io\netty\netty-transport-native-epoll\4.1.105.Final\netty-transport-native-epoll-4.1.105.Final.jar;C:\Users\Misha\.m2\repository\io\netty\netty-transport-classes-epoll\4.1.105.Final\netty-transport-classes-epoll-4.1.105.Final.jar;C:\Users\Misha\.m2\repository\ch\qos\logback\logback-core\1.4.14\logback-core-1.4.14.jar;C:\Users\Misha\.m2\repository\ch\qos\logback\logback-classic\1.4.14\logback-classic-1.4.14.jar;C:\Users\Misha\.m2\repository\org\apache\kafka\kafka-clients\3.6.1\kafka-clients-3.6.1-test.jar;C:\Users\Misha\.m2\repository\org\apache\kafka\kafka-metadata\3.6.1\kafka-metadata-3.6.1.jar;C:\Users\Misha\.m2\repository\org\apache\kafka\kafka-raft\3.6.1\kafka-raft-3.6.1.jar;C:\Users\Misha\.m2\repository\com\yammer\metrics\metrics-core\2.2.0\metrics-core-2.2.0.jar;C:\Users\Misha\.m2\repository\org\apache\kafka\kafka-server-common\3.6.1\kafka-server-common-3.6.1.jar;C:\Users\Misha\.m2\repository\net\sf\jopt-simple\jopt-simple\5.0.4\jopt-simple-5.0.4.jar;C:\Users\Misha\.m2\repository\org\pcollections\pcollections\4.0.1\pcollections-4.0.1.jar;C:\Users\Misha\.m2\repository\org\apache\kafka\kafka-server-common\3.6.1\kafka-server-common-3.6.1-test.jar;C:\Users\Misha\.m2\repository\org\apache\kafka\kafka-streams-test-utils\3.6.1\kafka-streams-test-utils-3.6.1.jar;C:\Users\Misha\.m2\repository\org\apache\kafka\kafka-streams\3.6.1\kafka-streams-3.6.1.jar;C:\Users\Misha\.m2\repository\org\rocksdb\rocksdbjni\7.9.2\rocksdbjni-7.9.2.jar;C:\Users\Misha\.m2\repository\org\apache\kafka\kafka_2.13\3.6.1\kafka_2.13-3.6.1.jar;C:\Users\Misha\.m2\repository\org\scala-lang\scala-library\2.13.11\scala-library-2.13.11.jar;C:\Users\Misha\.m2\repository\org\apache\kafka\kafka-group-coordinator\3.6.1\kafka-group-coordinator-3.6.1.jar;C:\Users\Misha\.m2\repository\org\apache\kafka\kafka-storage-api\3.6.1\kafka-storage-api-3.6.1.jar;C:\Users\Misha\.m2\repository\org\apache\kafka\kafka-tools-api\3.6.1\kafka-tools-api-3.6.1.jar;C:\Users\Misha\.m2\repository\org\apache\kafka\kafka-storage\3.6.1\kafka-storage-3.6.1.jar;C:\Users\Misha\.m2\repository\com\github\ben-manes\caffeine\caffeine\3.1.8\caffeine-3.1.8.jar;C:\Users\Misha\.m2\repository\org\checkerframework\checker-qual\3.37.0\checker-qual-3.37.0.jar;C:\Users\Misha\.m2\repository\com\google\errorprone\error_prone_annotations\2.21.1\error_prone_annotations-2.21.1.jar;C:\Users\Misha\.m2\repository\net\sourceforge\argparse4j\argparse4j\0.7.0\argparse4j-0.7.0.jar;C:\Users\Misha\.m2\repository\commons-validator\commons-validator\1.7\commons-validator-1.7.jar;C:\Users\Misha\.m2\repository\commons-beanutils\commons-beanutils\1.9.4\commons-beanutils-1.9.4.jar;C:\Users\Misha\.m2\repository\commons-digester\commons-digester\2.1\commons-digester-2.1.jar;C:\Users\Misha\.m2\repository\commons-collections\commons-collections\3.2.2\commons-collections-3.2.2.jar;C:\Users\Misha\.m2\repository\com\fasterxml\jackson\module\jackson-module-scala_2.13\2.15.3\jackson-module-scala_2.13-2.15.3.jar;C:\Users\Misha\.m2\repository\com\thoughtworks\paranamer\paranamer\2.8\paranamer-2.8.jar;C:\Users\Misha\.m2\repository\com\fasterxml\jackson\dataformat\jackson-dataformat-csv\2.15.3\jackson-dataformat-csv-2.15.3.jar;C:\Users\Misha\.m2\repository\org\bitbucket\b_c\jose4j\0.9.3\jose4j-0.9.3.jar;C:\Users\Misha\.m2\repository\org\scala-lang\modules\scala-collection-compat_2.13\2.10.0\scala-collection-compat_2.13-2.10.0.jar;C:\Users\Misha\.m2\repository\org\scala-lang\modules\scala-java8-compat_2.13\1.0.2\scala-java8-compat_2.13-1.0.2.jar;C:\Users\Misha\.m2\repository\org\scala-lang\scala-reflect\2.13.11\scala-reflect-2.13.11.jar;C:\Users\Misha\.m2\repository\com\typesafe\scala-logging\scala-logging_2.13\3.9.4\scala-logging_2.13-3.9.4.jar;C:\Users\Misha\.m2\repository\io\dropwizard\metrics\metrics-core\4.2.23\metrics-core-4.2.23.jar;C:\Users\Misha\.m2\repository\commons-cli\commons-cli\1.4\commons-cli-1.4.jar;C:\Users\Misha\.m2\repository\org\apache\kafka\kafka_2.13\3.6.1\kafka_2.13-3.6.1-test.jar;C:\Users\Misha\.m2\repository\org\junit\jupiter\junit-jupiter-api\5.10.1\junit-jupiter-api-5.10.1.jar;C:\Users\Misha\.m2\repository\org\opentest4j\opentest4j\1.3.0\opentest4j-1.3.0.jar;C:\Users\Misha\.m2\repository\org\junit\platform\junit-platform-commons\1.10.1\junit-platform-commons-1.10.1.jar;C:\Users\Misha\.m2\repository\org\apiguardian\apiguardian-api\1.1.2\apiguardian-api-1.1.2.jar;C:\Users\Misha\.m2\repository\org\junit\platform\junit-platform-launcher\1.10.1\junit-platform-launcher-1.10.1.jar;C:\Users\Misha\.m2\repository\org\junit\platform\junit-platform-engine\1.10.1\junit-platform-engine-1.10.1.jar;C:\Users\Misha\.m2\repository\commons-io\commons-io\2.15.1\commons-io-2.15.1.jar;C:\Users\Misha\.m2\repository\org\slf4j\slf4j-api\2.0.9\slf4j-api-2.0.9.jar;C:\Users\Misha\.m2\repository\org\slf4j\slf4j-simple\2.0.9\slf4j-simple-2.0.9.jar;C:\Users\Misha\.m2\repository\org\apache\maven\surefire\surefire-junit-platform\3.1.2\surefire-junit-platform-3.1.2.jar;C:\Users\Misha\.m2\repository\org\apache\maven\surefire\common-java5\3.1.2\common-java5-3.1.2.jar
2025-11-09T17:11:39.311+05:30  INFO 18184 --- [           main] o.a.zookeeper.server.ZooKeeperServer     : Server environment:java.library.path=C:\Program Files\OpenJDK\jdk-17.0.2\bin;C:\Windows\Sun\Java\bin;C:\Windows\system32;C:\Windows;C:\\Program Files\\OpenJDK\\jdk-17.0.2\\bin;C:\\Users\\Misha\\.trae\\tools\\maven\\latest\\bin;C:\\Users\\Misha\\.trae\\tools\\gradle\\latest\\bin;C:\Program Files\OpenJDK\jdk-17.0.2\bin;C:\Users\Misha\.trae\tools\maven\latest\bin;C:\Users\Misha\.trae\tools\gradle\latest\bin;c:\Users\Misha\AppData\Local\Programs\cursor\resources\app\bin;C:\Program Files\Google\Chrome\Application;C:\Python313\Scripts\;C:\Python313\;C:\Windows\system32;C:\Windows;C:\Windows\System32\Wbem;C:\Windows\System32\WindowsPowerShell\v1.0\;C:\Windows\System32\OpenSSH\;C:\Program Files\Git\cmd;C:\ProgramData\chocolatey\bin;C:\Users\Misha\AppData\Local\Programs\Python\Python310\Scripts\;C:\Users\Misha\AppData\Local\Programs\Python\Python310\;C:\Users\Misha\AppData\Local\Programs\Python\Python311\Scripts\;C:\Users\Misha\AppData\Local\Programs\Python\Python311\;C:\Users\Misha\AppData\Local\Programs\Python\Python312\Scripts\;C:\Users\Misha\AppData\Local\Programs\Python\Python312\;C:\Users\Misha\AppData\Local\Programs\Python\Launcher\;C:\Users\Misha\AppData\Local\Microsoft\WindowsApps;C:\Program Files\JetBrains\IntelliJ IDEA 2025.1.2\bin;C:\Users\Misha\AppData\Roaming\npm;c:\Users\Misha\AppData\Local\Programs\cursor\resources\app\bin;C:\Program Files\OpenJDK\jdk-17.0.2\bin;%NVM_HOME%;%NVM_SYMLINK%;C:\Users\Misha\AppData\Local\Programs\Python\Python310\Scripts\;C:\Users\Misha\AppData\Local\Programs\Python\Python310\;C:\Users\Misha\AppData\Local\Programs\Python\Python311\Scripts\;C:\Users\Misha\AppData\Local\Programs\Python\Python311\;C:\Users\Misha\AppData\Local\Programs\Python\Python312\Scripts\;C:\Users\Misha\AppData\Local\Programs\Python\Python312\;C:\Users\Misha\AppData\Local\Programs\Python\Launcher\;C:\Users\Misha\AppData\Local\Microsoft\WindowsApps;C:\Users\Misha\AppData\Local\Programs\Microsoft VS Code\bin;C:\Program Files\JetBrains\IntelliJ IDEA 2025.1.2\bin;;C:\Users\Misha\AppData\Roaming\npm;C:\Users\Misha\AppData\Local\nvm;C:\nvm4w\nodejs;c:\Users\Misha\.trae\extensions\vscjava.vscode-java-debug-0.58.3-universal\bundled\scripts\noConfigScripts;.
2025-11-09T17:11:39.311+05:30  INFO 18184 --- [           main] o.a.zookeeper.server.ZooKeeperServer     : Server environment:java.io.tmpdir=C:\Users\Misha\AppData\Local\Temp\
2025-11-09T17:11:39.312+05:30  INFO 18184 --- [           main] o.a.zookeeper.server.ZooKeeperServer     : Server environment:java.compiler=<NA>
2025-11-09T17:11:39.312+05:30  INFO 18184 --- [           main] o.a.zookeeper.server.ZooKeeperServer     : Server environment:os.name=Windows 10
2025-11-09T17:11:39.312+05:30  INFO 18184 --- [           main] o.a.zookeeper.server.ZooKeeperServer     : Server environment:os.arch=amd64
2025-11-09T17:11:39.312+05:30  INFO 18184 --- [           main] o.a.zookeeper.server.ZooKeeperServer     : Server environment:os.version=10.0
2025-11-09T17:11:39.312+05:30  INFO 18184 --- [           main] o.a.zookeeper.server.ZooKeeperServer     : Server environment:user.name=Misha
2025-11-09T17:11:39.312+05:30  INFO 18184 --- [           main] o.a.zookeeper.server.ZooKeeperServer     : Server environment:user.home=C:\Users\Misha
2025-11-09T17:11:39.313+05:30  INFO 18184 --- [           main] o.a.zookeeper.server.ZooKeeperServer     : Server environment:user.dir=C:\Users\Misha\Midas_Forage_ver3
2025-11-09T17:11:39.313+05:30  INFO 18184 --- [           main] o.a.zookeeper.server.ZooKeeperServer     : Server environment:os.memory.free=39MB
2025-11-09T17:11:39.313+05:30  INFO 18184 --- [           main] o.a.zookeeper.server.ZooKeeperServer     : Server environment:os.memory.max=2800MB
2025-11-09T17:11:39.313+05:30  INFO 18184 --- [           main] o.a.zookeeper.server.ZooKeeperServer     : Server environment:os.memory.total=60MB
2025-11-09T17:11:39.314+05:30  INFO 18184 --- [           main] o.a.zookeeper.server.ZooKeeperServer     : zookeeper.enableEagerACLCheck = false
2025-11-09T17:11:39.317+05:30  INFO 18184 --- [           main] o.a.zookeeper.server.ZooKeeperServer     : zookeeper.digest.enabled = true
2025-11-09T17:11:39.317+05:30  INFO 18184 --- [           main] o.a.zookeeper.server.ZooKeeperServer     : zookeeper.closeSessionTxn.enabled = true
2025-11-09T17:11:39.318+05:30  INFO 18184 --- [           main] o.a.zookeeper.server.ZooKeeperServer     : zookeeper.flushDelay = 0 ms
2025-11-09T17:11:39.318+05:30  INFO 18184 --- [           main] o.a.zookeeper.server.ZooKeeperServer     : zookeeper.maxWriteQueuePollTime = 0 ms
2025-11-09T17:11:39.318+05:30  INFO 18184 --- [           main] o.a.zookeeper.server.ZooKeeperServer     : zookeeper.maxBatchSize=1000
2025-11-09T17:11:39.319+05:30  INFO 18184 --- [           main] o.a.zookeeper.server.ZooKeeperServer     : zookeeper.intBufferStartingSizeBytes = 1024
2025-11-09T17:11:39.325+05:30  INFO 18184 --- [           main] o.a.z.server.persistence.FileTxnSnapLog  : zookeeper.snapshot.trust.empty : false
2025-11-09T17:11:39.365+05:30  INFO 18184 --- [           main] o.a.z.server.watch.WatchManagerFactory   : Using org.apache.zookeeper.server.watch.WatchManager as watch manager
2025-11-09T17:11:39.366+05:30  INFO 18184 --- [           main] o.a.z.server.watch.WatchManagerFactory   : Using org.apache.zookeeper.server.watch.WatchManager as watch manager
2025-11-09T17:11:39.367+05:30  INFO 18184 --- [           main] org.apache.zookeeper.server.ZKDatabase   : zookeeper.snapshotSizeFactor = 0.33
2025-11-09T17:11:39.368+05:30  INFO 18184 --- [           main] org.apache.zookeeper.server.ZKDatabase   : zookeeper.commitLogCount=500
2025-11-09T17:11:39.380+05:30  INFO 18184 --- [           main] o.apache.zookeeper.server.BlueThrottle   : Weighed connection throttling is disabled
2025-11-09T17:11:39.386+05:30  INFO 18184 --- [           main] o.a.zookeeper.server.ZooKeeperServer     : minSessionTimeout set to 1600 ms
2025-11-09T17:11:39.386+05:30  INFO 18184 --- [           main] o.a.zookeeper.server.ZooKeeperServer     : maxSessionTimeout set to 16000 ms
2025-11-09T17:11:39.391+05:30  INFO 18184 --- [           main] o.apache.zookeeper.server.ResponseCache  : getData response cache size is initialized with value 400.
2025-11-09T17:11:39.392+05:30  INFO 18184 --- [           main] o.apache.zookeeper.server.ResponseCache  : getChildren response cache size is initialized with value 400.
2025-11-09T17:11:39.396+05:30  INFO 18184 --- [           main] o.a.z.s.u.RequestPathMetricsCollector    : zookeeper.pathStats.slotCapacity = 60
2025-11-09T17:11:39.397+05:30  INFO 18184 --- [           main] o.a.z.s.u.RequestPathMetricsCollector    : zookeeper.pathStats.slotDuration = 15
2025-11-09T17:11:39.398+05:30  INFO 18184 --- [           main] o.a.z.s.u.RequestPathMetricsCollector    : zookeeper.pathStats.maxDepth = 6
2025-11-09T17:11:39.398+05:30  INFO 18184 --- [           main] o.a.z.s.u.RequestPathMetricsCollector    : zookeeper.pathStats.initialDelay = 5
2025-11-09T17:11:39.399+05:30  INFO 18184 --- [           main] o.a.z.s.u.RequestPathMetricsCollector    : zookeeper.pathStats.delay = 5
2025-11-09T17:11:39.399+05:30  INFO 18184 --- [           main] o.a.z.s.u.RequestPathMetricsCollector    : zookeeper.pathStats.enabled = false
2025-11-09T17:11:39.403+05:30  INFO 18184 --- [           main] o.a.zookeeper.server.ZooKeeperServer     : The max bytes for all large requests are set to 104857600
2025-11-09T17:11:39.404+05:30  INFO 18184 --- [           main] o.a.zookeeper.server.ZooKeeperServer     : The large request threshold is set to -1
2025-11-09T17:11:39.406+05:30  INFO 18184 --- [           main] o.a.z.server.AuthenticationHelper        : zookeeper.enforce.auth.enabled = false
2025-11-09T17:11:39.407+05:30  INFO 18184 --- [           main] o.a.z.server.AuthenticationHelper        : zookeeper.enforce.auth.schemes = []
2025-11-09T17:11:39.408+05:30  INFO 18184 --- [           main] o.a.zookeeper.server.ZooKeeperServer     : Created server with tickTime 800 ms minSessionTimeout 1600 ms maxSessionTimeout 16000 ms clientPortListenBacklog -1 datadir C:\Users\Misha\AppData\Local\Temp\kafka-17435969010434227194\version-2 snapdir C:\Users\Misha\AppData\Local\Temp\kafka-12533516369602943699\version-2
2025-11-09T17:11:39.425+05:30  WARN 18184 --- [           main] o.a.zookeeper.server.ServerCnxnFactory   : maxCnxns is not configured, using default value 0.
2025-11-09T17:11:39.431+05:30  INFO 18184 --- [           main] o.a.z.server.NIOServerCnxnFactory        : Configuring NIO connection handler with 10s sessionless connection timeout, 2 selector thread(s), 16 worker threads, and 64 kB direct buffers.
2025-11-09T17:11:39.492+05:30  INFO 18184 --- [           main] o.a.z.server.NIOServerCnxnFactory        : binding to port /127.0.0.1:0
2025-11-09T17:11:39.532+05:30  INFO 18184 --- [           main] o.a.z.server.persistence.SnapStream      : zookeeper.snapshot.compression.method = CHECKED
2025-11-09T17:11:39.533+05:30  INFO 18184 --- [           main] o.a.z.server.persistence.FileTxnSnapLog  : Snapshotting: 0x0 to C:\Users\Misha\AppData\Local\Temp\kafka-12533516369602943699\version-2\snapshot.0
2025-11-09T17:11:39.540+05:30  INFO 18184 --- [           main] org.apache.zookeeper.server.ZKDatabase   : Snapshot loaded in 37 ms, highest zxid is 0x0, digest is 1371985504
2025-11-09T17:11:39.542+05:30  INFO 18184 --- [           main] o.a.z.server.persistence.FileTxnSnapLog  : Snapshotting: 0x0 to C:\Users\Misha\AppData\Local\Temp\kafka-12533516369602943699\version-2\snapshot.0
2025-11-09T17:11:39.544+05:30  INFO 18184 --- [           main] o.a.zookeeper.server.ZooKeeperServer     : Snapshot taken in 2 ms
2025-11-09T17:11:39.564+05:30  INFO 18184 --- [0 cport:65203):] o.a.z.server.PrepRequestProcessor        : PrepRequestProcessor (sid:0) started, reconfigEnabled=false
2025-11-09T17:11:39.565+05:30  INFO 18184 --- [           main] o.a.zookeeper.server.RequestThrottler    : zookeeper.request_throttler.shutdownTimeout = 10000 ms
2025-11-09T17:11:39.976+05:30  INFO 18184 --- [           main] kafka.server.KafkaConfig                 : KafkaConfig values: 
	advertised.listeners = null
	alter.config.policy.class.name = null
	alter.log.dirs.replication.quota.window.num = 11
	alter.log.dirs.replication.quota.window.size.seconds = 1
	authorizer.class.name = 
	auto.create.topics.enable = true
	auto.include.jmx.reporter = true
	auto.leader.rebalance.enable = true
	background.threads = 2
	broker.heartbeat.interval.ms = 2000
	broker.id = 0
	broker.id.generation.enable = true
	broker.rack = null
	broker.session.timeout.ms = 9000
	client.quota.callback.class = null
	compression.type = producer
	connection.failed.authentication.delay.ms = 100
	connections.max.idle.ms = 600000
	connections.max.reauth.ms = 0
	control.plane.listener.name = null
	controlled.shutdown.enable = false
	controlled.shutdown.max.retries = 3
	controlled.shutdown.retry.backoff.ms = 100
	controller.listener.names = null
	controller.quorum.append.linger.ms = 25
	controller.quorum.election.backoff.max.ms = 1000
	controller.quorum.election.timeout.ms = 1000
	controller.quorum.fetch.timeout.ms = 2000
	controller.quorum.request.timeout.ms = 2000
	controller.quorum.retry.backoff.ms = 20
	controller.quorum.voters = []
	controller.quota.window.num = 11
	controller.quota.window.size.seconds = 1
	controller.socket.timeout.ms = 1000
	create.topic.policy.class.name = null
	default.replication.factor = 1
	delegation.token.expiry.check.interval.ms = 3600000
	delegation.token.expiry.time.ms = 86400000
	delegation.token.master.key = null
	delegation.token.max.lifetime.ms = 604800000
	delegation.token.secret.key = null
	delete.records.purgatory.purge.interval.requests = 1
	delete.topic.enable = true
	early.start.listeners = null
	fetch.max.bytes = 57671680
	fetch.purgatory.purge.interval.requests = 1000
	group.consumer.assignors = [org.apache.kafka.coordinator.group.assignor.RangeAssignor]
	group.consumer.heartbeat.interval.ms = 5000
	group.consumer.max.heartbeat.interval.ms = 15000
	group.consumer.max.session.timeout.ms = 60000
	group.consumer.max.size = 2147483647
	group.consumer.min.heartbeat.interval.ms = 5000
	group.consumer.min.session.timeout.ms = 45000
	group.consumer.session.timeout.ms = 45000
	group.coordinator.new.enable = false
	group.coordinator.threads = 1
	group.initial.rebalance.delay.ms = 0
	group.max.session.timeout.ms = 1800000
	group.max.size = 2147483647
	group.min.session.timeout.ms = 6000
	initial.broker.registration.timeout.ms = 60000
	inter.broker.listener.name = null
	inter.broker.protocol.version = 3.6-IV2
	kafka.metrics.polling.interval.secs = 10
	kafka.metrics.reporters = []
	leader.imbalance.check.interval.seconds = 300
	leader.imbalance.per.broker.percentage = 10
	listener.security.protocol.map = PLAINTEXT:PLAINTEXT,SSL:SSL,SASL_PLAINTEXT:SASL_PLAINTEXT,SASL_SSL:SASL_SSL
	listeners = PLAINTEXT://localhost:9092
	log.cleaner.backoff.ms = 15000
	log.cleaner.dedupe.buffer.size = 2097152
	log.cleaner.delete.retention.ms = 86400000
	log.cleaner.enable = true
	log.cleaner.io.buffer.load.factor = 0.9
	log.cleaner.io.buffer.size = 524288
	log.cleaner.io.max.bytes.per.second = 1.7976931348623157E308
	log.cleaner.max.compaction.lag.ms = 9223372036854775807
	log.cleaner.min.cleanable.ratio = 0.5
	log.cleaner.min.compaction.lag.ms = 0
	log.cleaner.threads = 1
	log.cleanup.policy = [delete]
	log.dir = C:\Users\Misha\AppData\Local\Temp\spring.kafka.c845ba32-5a73-48d4-aa21-1fcde2d0c4f713769868900888939050
	log.dirs = null
	log.flush.interval.messages = 9223372036854775807
	log.flush.interval.ms = null
	log.flush.offset.checkpoint.interval.ms = 60000
	log.flush.scheduler.interval.ms = 9223372036854775807
	log.flush.start.offset.checkpoint.interval.ms = 60000
	log.index.interval.bytes = 4096
	log.index.size.max.bytes = 10485760
	log.local.retention.bytes = -2
	log.local.retention.ms = -2
	log.message.downconversion.enable = true
	log.message.format.version = 3.0-IV1
	log.message.timestamp.after.max.ms = 9223372036854775807
	log.message.timestamp.before.max.ms = 9223372036854775807
	log.message.timestamp.difference.max.ms = 9223372036854775807
	log.message.timestamp.type = CreateTime
	log.preallocate = false
	log.retention.bytes = -1
	log.retention.check.interval.ms = 300000
	log.retention.hours = 168
	log.retention.minutes = null
	log.retention.ms = null
	log.roll.hours = 168
	log.roll.jitter.hours = 0
	log.roll.jitter.ms = null
	log.roll.ms = null
	log.segment.bytes = 1073741824
	log.segment.delete.delay.ms = 1000
	max.connection.creation.rate = 2147483647
	max.connections = 2147483647
	max.connections.per.ip = 2147483647
	max.connections.per.ip.overrides = 
	max.incremental.fetch.session.cache.slots = 1000
	message.max.bytes = 1048588
	metadata.log.dir = null
	metadata.log.max.record.bytes.between.snapshots = 20971520
	metadata.log.max.snapshot.interval.ms = 3600000
	metadata.log.segment.bytes = 1073741824
	metadata.log.segment.min.bytes = 8388608
	metadata.log.segment.ms = 604800000
	metadata.max.idle.interval.ms = 500
	metadata.max.retention.bytes = 104857600
	metadata.max.retention.ms = 604800000
	metric.reporters = []
	metrics.num.samples = 2
	metrics.recording.level = INFO
	metrics.sample.window.ms = 30000
	min.insync.replicas = 1
	node.id = 0
	num.io.threads = 8
	num.network.threads = 2
	num.partitions = 1
	num.recovery.threads.per.data.dir = 1
	num.replica.alter.log.dirs.threads = null
	num.replica.fetchers = 1
	offset.metadata.max.bytes = 4096
	offsets.commit.required.acks = -1
	offsets.commit.timeout.ms = 5000
	offsets.load.buffer.size = 5242880
	offsets.retention.check.interval.ms = 600000
	offsets.retention.minutes = 10080
	offsets.topic.compression.codec = 0
	offsets.topic.num.partitions = 5
	offsets.topic.replication.factor = 1
	offsets.topic.segment.bytes = 104857600
	password.encoder.cipher.algorithm = AES/CBC/PKCS5Padding
	password.encoder.iterations = 4096
	password.encoder.key.length = 128
	password.encoder.keyfactory.algorithm = null
	password.encoder.old.secret = null
	password.encoder.secret = null
	principal.builder.class = class org.apache.kafka.common.security.authenticator.DefaultKafkaPrincipalBuilder
	process.roles = []
	producer.id.expiration.check.interval.ms = 600000
	producer.id.expiration.ms = 86400000
	producer.purgatory.purge.interval.requests = 1000
	queued.max.request.bytes = -1
	queued.max.requests = 500
	quota.window.num = 11
	quota.window.size.seconds = 1
	remote.log.index.file.cache.total.size.bytes = 1073741824
	remote.log.manager.task.interval.ms = 30000
	remote.log.manager.task.retry.backoff.max.ms = 30000
	remote.log.manager.task.retry.backoff.ms = 500
	remote.log.manager.task.retry.jitter = 0.2
	remote.log.manager.thread.pool.size = 10
	remote.log.metadata.custom.metadata.max.bytes = 128
	remote.log.metadata.manager.class.name = org.apache.kafka.server.log.remote.metadata.storage.TopicBasedRemoteLogMetadataManager
	remote.log.metadata.manager.class.path = null
	remote.log.metadata.manager.impl.prefix = rlmm.config.
	remote.log.metadata.manager.listener.name = null
	remote.log.reader.max.pending.tasks = 100
	remote.log.reader.threads = 10
	remote.log.storage.manager.class.name = null
	remote.log.storage.manager.class.path = null
	remote.log.storage.manager.impl.prefix = rsm.config.
	remote.log.storage.system.enable = false
	replica.fetch.backoff.ms = 1000
	replica.fetch.max.bytes = 1048576
	replica.fetch.min.bytes = 1
	replica.fetch.response.max.bytes = 10485760
	replica.fetch.wait.max.ms = 500
	replica.high.watermark.checkpoint.interval.ms = 9223372036854775807
	replica.lag.time.max.ms = 30000
	replica.selector.class = null
	replica.socket.receive.buffer.bytes = 65536
	replica.socket.timeout.ms = 1000
	replication.quota.window.num = 11
	replication.quota.window.size.seconds = 1
	request.timeout.ms = 30000
	reserved.broker.max.id = 1000
	sasl.client.callback.handler.class = null
	sasl.enabled.mechanisms = [GSSAPI]
	sasl.jaas.config = null
	sasl.kerberos.kinit.cmd = /usr/bin/kinit
	sasl.kerberos.min.time.before.relogin = 60000
	sasl.kerberos.principal.to.local.rules = [DEFAULT]
	sasl.kerberos.service.name = null
	sasl.kerberos.ticket.renew.jitter = 0.05
	sasl.kerberos.ticket.renew.window.factor = 0.8
	sasl.login.callback.handler.class = null
	sasl.login.class = null
	sasl.login.connect.timeout.ms = null
	sasl.login.read.timeout.ms = null
	sasl.login.refresh.buffer.seconds = 300
	sasl.login.refresh.min.period.seconds = 60
	sasl.login.refresh.window.factor = 0.8
	sasl.login.refresh.window.jitter = 0.05
	sasl.login.retry.backoff.max.ms = 10000
	sasl.login.retry.backoff.ms = 100
	sasl.mechanism.controller.protocol = GSSAPI
	sasl.mechanism.inter.broker.protocol = GSSAPI
	sasl.oauthbearer.clock.skew.seconds = 30
	sasl.oauthbearer.expected.audience = null
	sasl.oauthbearer.expected.issuer = null
	sasl.oauthbearer.jwks.endpoint.refresh.ms = 3600000
	sasl.oauthbearer.jwks.endpoint.retry.backoff.max.ms = 10000
	sasl.oauthbearer.jwks.endpoint.retry.backoff.ms = 100
	sasl.oauthbearer.jwks.endpoint.url = null
	sasl.oauthbearer.scope.claim.name = scope
	sasl.oauthbearer.sub.claim.name = sub
	sasl.oauthbearer.token.endpoint.url = null
	sasl.server.callback.handler.class = null
	sasl.server.max.receive.size = 524288
	security.inter.broker.protocol = PLAINTEXT
	security.providers = null
	server.max.startup.time.ms = 9223372036854775807
	socket.connection.setup.timeout.max.ms = 30000
	socket.connection.setup.timeout.ms = 10000
	socket.listen.backlog.size = 50
	socket.receive.buffer.bytes = 102400
	socket.request.max.bytes = 104857600
	socket.send.buffer.bytes = 102400
	ssl.cipher.suites = []
	ssl.client.auth = none
	ssl.enabled.protocols = [TLSv1.2, TLSv1.3]
	ssl.endpoint.identification.algorithm = https
	ssl.engine.factory.class = null
	ssl.key.password = null
	ssl.keymanager.algorithm = SunX509
	ssl.keystore.certificate.chain = null
	ssl.keystore.key = null
	ssl.keystore.location = null
	ssl.keystore.password = null
	ssl.keystore.type = JKS
	ssl.principal.mapping.rules = DEFAULT
	ssl.protocol = TLSv1.3
	ssl.provider = null
	ssl.secure.random.implementation = null
	ssl.trustmanager.algorithm = PKIX
	ssl.truststore.certificates = null
	ssl.truststore.location = null
	ssl.truststore.password = null
	ssl.truststore.type = JKS
	transaction.abort.timed.out.transaction.cleanup.interval.ms = 10000
	transaction.max.timeout.ms = 900000
	transaction.partition.verification.enable = true
	transaction.remove.expired.transaction.cleanup.interval.ms = 3600000
	transaction.state.log.load.buffer.size = 5242880
	transaction.state.log.min.isr = 2
	transaction.state.log.num.partitions = 50
	transaction.state.log.replication.factor = 1
	transaction.state.log.segment.bytes = 104857600
	transactional.id.expiration.ms = 604800000
	unclean.leader.election.enable = false
	unstable.api.versions.enable = false
	zookeeper.clientCnxnSocket = null
	zookeeper.connect = 127.0.0.1:65203
	zookeeper.connection.timeout.ms = 10000
	zookeeper.max.in.flight.requests = 10
	zookeeper.metadata.migration.enable = false
	zookeeper.session.timeout.ms = 18000
	zookeeper.set.acl = false
	zookeeper.ssl.cipher.suites = null
	zookeeper.ssl.client.enable = false
	zookeeper.ssl.crl.enable = false
	zookeeper.ssl.enabled.protocols = null
	zookeeper.ssl.endpoint.identification.algorithm = HTTPS
	zookeeper.ssl.keystore.location = null
	zookeeper.ssl.keystore.password = null
	zookeeper.ssl.keystore.type = null
	zookeeper.ssl.ocsp.enable = false
	zookeeper.ssl.protocol = TLSv1.2
	zookeeper.ssl.truststore.location = null
	zookeeper.ssl.truststore.password = null
	zookeeper.ssl.truststore.type = null

2025-11-09T17:11:40.027+05:30  INFO 18184 --- [           main] org.apache.zookeeper.common.X509Util     : Setting -D jdk.tls.rejectClientInitiatedRenegotiation=true to disable client-initiated TLS renegotiation
2025-11-09T17:11:40.143+05:30  INFO 18184 --- [           main] kafka.server.KafkaServer                 : starting
2025-11-09T17:11:40.144+05:30  INFO 18184 --- [           main] kafka.server.KafkaServer                 : Connecting to zookeeper on 127.0.0.1:65203
2025-11-09T17:11:40.161+05:30  INFO 18184 --- [           main] kafka.zookeeper.ZooKeeperClient          : [ZooKeeperClient Kafka server] Initializing a new session to 127.0.0.1:65203.
2025-11-09T17:11:40.166+05:30  INFO 18184 --- [           main] org.apache.zookeeper.ZooKeeper           : Client environment:zookeeper.version=3.8.4-9316c2a7a97e1666d8f4593f34dd6fc36ecc436c, built on 2024-02-12 22:16 UTC
2025-11-09T17:11:40.166+05:30  INFO 18184 --- [           main] org.apache.zookeeper.ZooKeeper           : Client environment:host.name=host.docker.internal
2025-11-09T17:11:40.166+05:30  INFO 18184 --- [           main] org.apache.zookeeper.ZooKeeper           : Client environment:java.version=17.0.2
2025-11-09T17:11:40.167+05:30  INFO 18184 --- [           main] org.apache.zookeeper.ZooKeeper           : Client environment:java.vendor=Oracle Corporation
2025-11-09T17:11:40.167+05:30  INFO 18184 --- [           main] org.apache.zookeeper.ZooKeeper           : Client environment:java.home=C:\Program Files\OpenJDK\jdk-17.0.2
2025-11-09T17:11:40.167+05:30  INFO 18184 --- [           main] org.apache.zookeeper.ZooKeeper           : Client environment:java.class.path=C:\Users\Misha\.m2\repository\org\apache\maven\surefire\surefire-api\3.1.2\surefire-api-3.1.2.jar;C:\Users\Misha\.m2\repository\org\apache\maven\surefire\surefire-booter\3.1.2\surefire-booter-3.1.2.jar;C:\Users\Misha\.m2\repository\org\apache\maven\surefire\surefire-extensions-spi\3.1.2\surefire-extensions-spi-3.1.2.jar;C:\Users\Misha\.m2\repository\org\apache\maven\surefire\surefire-logger-api\3.1.2\surefire-logger-api-3.1.2.jar;C:\Users\Misha\.m2\repository\org\apache\maven\surefire\surefire-shared-utils\3.1.2\surefire-shared-utils-3.1.2.jar;C:\Users\Misha\Midas_Forage_ver3\target\test-classes;C:\Users\Misha\Midas_Forage_ver3\target\classes;C:\Users\Misha\.m2\repository\org\springframework\boot\spring-boot-starter-web\3.2.2\spring-boot-starter-web-3.2.2.jar;C:\Users\Misha\.m2\repository\org\springframework\boot\spring-boot-starter\3.2.2\spring-boot-starter-3.2.2.jar;C:\Users\Misha\.m2\repository\org\springframework\boot\spring-boot\3.2.2\spring-boot-3.2.2.jar;C:\Users\Misha\.m2\repository\org\springframework\boot\spring-boot-autoconfigure\3.2.2\spring-boot-autoconfigure-3.2.2.jar;C:\Users\Misha\.m2\repository\org\springframework\boot\spring-boot-starter-logging\3.2.2\spring-boot-starter-logging-3.2.2.jar;C:\Users\Misha\.m2\repository\org\apache\logging\log4j\log4j-to-slf4j\2.21.1\log4j-to-slf4j-2.21.1.jar;C:\Users\Misha\.m2\repository\org\apache\logging\log4j\log4j-api\2.21.1\log4j-api-2.21.1.jar;C:\Users\Misha\.m2\repository\org\slf4j\jul-to-slf4j\2.0.11\jul-to-slf4j-2.0.11.jar;C:\Users\Misha\.m2\repository\jakarta\annotation\jakarta.annotation-api\2.1.1\jakarta.annotation-api-2.1.1.jar;C:\Users\Misha\.m2\repository\org\yaml\snakeyaml\2.2\snakeyaml-2.2.jar;C:\Users\Misha\.m2\repository\org\springframework\boot\spring-boot-starter-json\3.2.2\spring-boot-starter-json-3.2.2.jar;C:\Users\Misha\.m2\repository\com\fasterxml\jackson\datatype\jackson-datatype-jdk8\2.15.3\jackson-datatype-jdk8-2.15.3.jar;C:\Users\Misha\.m2\repository\com\fasterxml\jackson\datatype\jackson-datatype-jsr310\2.15.3\jackson-datatype-jsr310-2.15.3.jar;C:\Users\Misha\.m2\repository\com\fasterxml\jackson\module\jackson-module-parameter-names\2.15.3\jackson-module-parameter-names-2.15.3.jar;C:\Users\Misha\.m2\repository\org\springframework\boot\spring-boot-starter-tomcat\3.2.2\spring-boot-starter-tomcat-3.2.2.jar;C:\Users\Misha\.m2\repository\org\apache\tomcat\embed\tomcat-embed-core\10.1.18\tomcat-embed-core-10.1.18.jar;C:\Users\Misha\.m2\repository\org\apache\tomcat\embed\tomcat-embed-el\10.1.18\tomcat-embed-el-10.1.18.jar;C:\Users\Misha\.m2\repository\org\apache\tomcat\embed\tomcat-embed-websocket\10.1.18\tomcat-embed-websocket-10.1.18.jar;C:\Users\Misha\.m2\repository\org\springframework\spring-web\6.1.3\spring-web-6.1.3.jar;C:\Users\Misha\.m2\repository\org\springframework\spring-beans\6.1.3\spring-beans-6.1.3.jar;C:\Users\Misha\.m2\repository\org\springframework\spring-webmvc\6.1.3\spring-webmvc-6.1.3.jar;C:\Users\Misha\.m2\repository\org\springframework\spring-aop\6.1.3\spring-aop-6.1.3.jar;C:\Users\Misha\.m2\repository\org\springframework\spring-expression\6.1.3\spring-expression-6.1.3.jar;C:\Users\Misha\.m2\repository\org\springframework\boot\spring-boot-starter-data-jpa\3.2.2\spring-boot-starter-data-jpa-3.2.2.jar;C:\Users\Misha\.m2\repository\org\springframework\boot\spring-boot-starter-aop\3.2.2\spring-boot-starter-aop-3.2.2.jar;C:\Users\Misha\.m2\repository\org\aspectj\aspectjweaver\1.9.21\aspectjweaver-1.9.21.jar;C:\Users\Misha\.m2\repository\org\springframework\boot\spring-boot-starter-jdbc\3.2.2\spring-boot-starter-jdbc-3.2.2.jar;C:\Users\Misha\.m2\repository\com\zaxxer\HikariCP\5.0.1\HikariCP-5.0.1.jar;C:\Users\Misha\.m2\repository\org\springframework\spring-jdbc\6.1.3\spring-jdbc-6.1.3.jar;C:\Users\Misha\.m2\repository\org\hibernate\orm\hibernate-core\6.4.1.Final\hibernate-core-6.4.1.Final.jar;C:\Users\Misha\.m2\repository\jakarta\transaction\jakarta.transaction-api\2.0.1\jakarta.transaction-api-2.0.1.jar;C:\Users\Misha\.m2\repository\org\jboss\logging\jboss-logging\3.5.3.Final\jboss-logging-3.5.3.Final.jar;C:\Users\Misha\.m2\repository\org\hibernate\common\hibernate-commons-annotations\6.0.6.Final\hibernate-commons-annotations-6.0.6.Final.jar;C:\Users\Misha\.m2\repository\io\smallrye\jandex\3.1.2\jandex-3.1.2.jar;C:\Users\Misha\.m2\repository\com\fasterxml\classmate\1.6.0\classmate-1.6.0.jar;C:\Users\Misha\.m2\repository\net\bytebuddy\byte-buddy\1.14.11\byte-buddy-1.14.11.jar;C:\Users\Misha\.m2\repository\org\glassfish\jaxb\jaxb-runtime\4.0.4\jaxb-runtime-4.0.4.jar;C:\Users\Misha\.m2\repository\org\glassfish\jaxb\jaxb-core\4.0.4\jaxb-core-4.0.4.jar;C:\Users\Misha\.m2\repository\org\eclipse\angus\angus-activation\2.0.1\angus-activation-2.0.1.jar;C:\Users\Misha\.m2\repository\org\glassfish\jaxb\txw2\4.0.4\txw2-4.0.4.jar;C:\Users\Misha\.m2\repository\com\sun\istack\istack-commons-runtime\4.1.2\istack-commons-runtime-4.1.2.jar;C:\Users\Misha\.m2\repository\jakarta\inject\jakarta.inject-api\2.0.1\jakarta.inject-api-2.0.1.jar;C:\Users\Misha\.m2\repository\org\antlr\antlr4-runtime\4.13.0\antlr4-runtime-4.13.0.jar;C:\Users\Misha\.m2\repository\org\springframework\data\spring-data-jpa\3.2.2\spring-data-jpa-3.2.2.jar;C:\Users\Misha\.m2\repository\org\springframework\data\spring-data-commons\3.2.2\spring-data-commons-3.2.2.jar;C:\Users\Misha\.m2\repository\org\springframework\spring-orm\6.1.3\spring-orm-6.1.3.jar;C:\Users\Misha\.m2\repository\org\springframework\spring-aspects\6.1.3\spring-aspects-6.1.3.jar;C:\Users\Misha\.m2\repository\com\h2database\h2\2.2.224\h2-2.2.224.jar;C:\Users\Misha\.m2\repository\com\fasterxml\jackson\core\jackson-annotations\2.15.1\jackson-annotations-2.15.1.jar;C:\Users\Misha\.m2\repository\com\fasterxml\jackson\core\jackson-databind\2.15.1\jackson-databind-2.15.1.jar;C:\Users\Misha\.m2\repository\com\fasterxml\jackson\core\jackson-core\2.15.3\jackson-core-2.15.3.jar;C:\Users\Misha\.m2\repository\jakarta\persistence\jakarta.persistence-api\3.1.0\jakarta.persistence-api-3.1.0.jar;C:\Users\Misha\.m2\repository\org\springframework\boot\spring-boot-starter-test\3.2.2\spring-boot-starter-test-3.2.2.jar;C:\Users\Misha\.m2\repository\org\springframework\boot\spring-boot-test\3.2.2\spring-boot-test-3.2.2.jar;C:\Users\Misha\.m2\repository\org\springframework\boot\spring-boot-test-autoconfigure\3.2.2\spring-boot-test-autoconfigure-3.2.2.jar;C:\Users\Misha\.m2\repository\com\jayway\jsonpath\json-path\2.8.0\json-path-2.8.0.jar;C:\Users\Misha\.m2\repository\jakarta\xml\bind\jakarta.xml.bind-api\4.0.1\jakarta.xml.bind-api-4.0.1.jar;C:\Users\Misha\.m2\repository\jakarta\activation\jakarta.activation-api\2.1.2\jakarta.activation-api-2.1.2.jar;C:\Users\Misha\.m2\repository\net\minidev\json-smart\2.5.0\json-smart-2.5.0.jar;C:\Users\Misha\.m2\repository\net\minidev\accessors-smart\2.5.0\accessors-smart-2.5.0.jar;C:\Users\Misha\.m2\repository\org\ow2\asm\asm\9.3\asm-9.3.jar;C:\Users\Misha\.m2\repository\org\assertj\assertj-core\3.24.2\assertj-core-3.24.2.jar;C:\Users\Misha\.m2\repository\org\awaitility\awaitility\4.2.0\awaitility-4.2.0.jar;C:\Users\Misha\.m2\repository\org\hamcrest\hamcrest\2.2\hamcrest-2.2.jar;C:\Users\Misha\.m2\repository\org\junit\jupiter\junit-jupiter\5.10.1\junit-jupiter-5.10.1.jar;C:\Users\Misha\.m2\repository\org\junit\jupiter\junit-jupiter-params\5.10.1\junit-jupiter-params-5.10.1.jar;C:\Users\Misha\.m2\repository\org\junit\jupiter\junit-jupiter-engine\5.10.1\junit-jupiter-engine-5.10.1.jar;C:\Users\Misha\.m2\repository\org\mockito\mockito-core\5.7.0\mockito-core-5.7.0.jar;C:\Users\Misha\.m2\repository\net\bytebuddy\byte-buddy-agent\1.14.11\byte-buddy-agent-1.14.11.jar;C:\Users\Misha\.m2\repository\org\objenesis\objenesis\3.3\objenesis-3.3.jar;C:\Users\Misha\.m2\repository\org\mockito\mockito-junit-jupiter\5.7.0\mockito-junit-jupiter-5.7.0.jar;C:\Users\Misha\.m2\repository\org\skyscreamer\jsonassert\1.5.1\jsonassert-1.5.1.jar;C:\Users\Misha\.m2\repository\com\vaadin\external\google\android-json\0.0.20131108.vaadin1\android-json-0.0.20131108.vaadin1.jar;C:\Users\Misha\.m2\repository\org\springframework\spring-core\6.1.3\spring-core-6.1.3.jar;C:\Users\Misha\.m2\repository\org\springframework\spring-jcl\6.1.3\spring-jcl-6.1.3.jar;C:\Users\Misha\.m2\repository\org\springframework\spring-test\6.1.3\spring-test-6.1.3.jar;C:\Users\Misha\.m2\repository\org\xmlunit\xmlunit-core\2.9.1\xmlunit-core-2.9.1.jar;C:\Users\Misha\.m2\repository\org\springframework\kafka\spring-kafka\3.2.7\spring-kafka-3.2.7.jar;C:\Users\Misha\.m2\repository\org\springframework\spring-context\6.1.3\spring-context-6.1.3.jar;C:\Users\Misha\.m2\repository\org\springframework\spring-messaging\6.1.3\spring-messaging-6.1.3.jar;C:\Users\Misha\.m2\repository\org\springframework\spring-tx\6.1.3\spring-tx-6.1.3.jar;C:\Users\Misha\.m2\repository\org\springframework\retry\spring-retry\2.0.5\spring-retry-2.0.5.jar;C:\Users\Misha\.m2\repository\org\apache\kafka\kafka-clients\3.6.1\kafka-clients-3.6.1.jar;C:\Users\Misha\.m2\repository\com\github\luben\zstd-jni\1.5.5-1\zstd-jni-1.5.5-1.jar;C:\Users\Misha\.m2\repository\org\lz4\lz4-java\1.8.0\lz4-java-1.8.0.jar;C:\Users\Misha\.m2\repository\org\xerial\snappy\snappy-java\1.1.10.5\snappy-java-1.1.10.5.jar;C:\Users\Misha\.m2\repository\io\micrometer\micrometer-observation\1.12.2\micrometer-observation-1.12.2.jar;C:\Users\Misha\.m2\repository\io\micrometer\micrometer-commons\1.12.2\micrometer-commons-1.12.2.jar;C:\Users\Misha\.m2\repository\org\springframework\kafka\spring-kafka-test\3.2.7\spring-kafka-test-3.2.7.jar;C:\Users\Misha\.m2\repository\org\apache\zookeeper\zookeeper\3.8.4\zookeeper-3.8.4.jar;C:\Users\Misha\.m2\repository\org\apache\zookeeper\zookeeper-jute\3.8.4\zookeeper-jute-3.8.4.jar;C:\Users\Misha\.m2\repository\org\apache\yetus\audience-annotations\0.12.0\audience-annotations-0.12.0.jar;C:\Users\Misha\.m2\repository\io\netty\netty-handler\4.1.105.Final\netty-handler-4.1.105.Final.jar;C:\Users\Misha\.m2\repository\io\netty\netty-common\4.1.105.Final\netty-common-4.1.105.Final.jar;C:\Users\Misha\.m2\repository\io\netty\netty-resolver\4.1.105.Final\netty-resolver-4.1.105.Final.jar;C:\Users\Misha\.m2\repository\io\netty\netty-buffer\4.1.105.Final\netty-buffer-4.1.105.Final.jar;C:\Users\Misha\.m2\repository\io\netty\netty-transport\4.1.105.Final\netty-transport-4.1.105.Final.jar;C:\Users\Misha\.m2\repository\io\netty\netty-transport-native-unix-common\4.1.105.Final\netty-transport-native-unix-common-4.1.105.Final.jar;C:\Users\Misha\.m2\repository\io\netty\netty-codec\4.1.105.Final\netty-codec-4.1.105.Final.jar;C:\Users\Misha\.m2\repository\io\netty\netty-transport-native-epoll\4.1.105.Final\netty-transport-native-epoll-4.1.105.Final.jar;C:\Users\Misha\.m2\repository\io\netty\netty-transport-classes-epoll\4.1.105.Final\netty-transport-classes-epoll-4.1.105.Final.jar;C:\Users\Misha\.m2\repository\ch\qos\logback\logback-core\1.4.14\logback-core-1.4.14.jar;C:\Users\Misha\.m2\repository\ch\qos\logback\logback-classic\1.4.14\logback-classic-1.4.14.jar;C:\Users\Misha\.m2\repository\org\apache\kafka\kafka-clients\3.6.1\kafka-clients-3.6.1-test.jar;C:\Users\Misha\.m2\repository\org\apache\kafka\kafka-metadata\3.6.1\kafka-metadata-3.6.1.jar;C:\Users\Misha\.m2\repository\org\apache\kafka\kafka-raft\3.6.1\kafka-raft-3.6.1.jar;C:\Users\Misha\.m2\repository\com\yammer\metrics\metrics-core\2.2.0\metrics-core-2.2.0.jar;C:\Users\Misha\.m2\repository\org\apache\kafka\kafka-server-common\3.6.1\kafka-server-common-3.6.1.jar;C:\Users\Misha\.m2\repository\net\sf\jopt-simple\jopt-simple\5.0.4\jopt-simple-5.0.4.jar;C:\Users\Misha\.m2\repository\org\pcollections\pcollections\4.0.1\pcollections-4.0.1.jar;C:\Users\Misha\.m2\repository\org\apache\kafka\kafka-server-common\3.6.1\kafka-server-common-3.6.1-test.jar;C:\Users\Misha\.m2\repository\org\apache\kafka\kafka-streams-test-utils\3.6.1\kafka-streams-test-utils-3.6.1.jar;C:\Users\Misha\.m2\repository\org\apache\kafka\kafka-streams\3.6.1\kafka-streams-3.6.1.jar;C:\Users\Misha\.m2\repository\org\rocksdb\rocksdbjni\7.9.2\rocksdbjni-7.9.2.jar;C:\Users\Misha\.m2\repository\org\apache\kafka\kafka_2.13\3.6.1\kafka_2.13-3.6.1.jar;C:\Users\Misha\.m2\repository\org\scala-lang\scala-library\2.13.11\scala-library-2.13.11.jar;C:\Users\Misha\.m2\repository\org\apache\kafka\kafka-group-coordinator\3.6.1\kafka-group-coordinator-3.6.1.jar;C:\Users\Misha\.m2\repository\org\apache\kafka\kafka-storage-api\3.6.1\kafka-storage-api-3.6.1.jar;C:\Users\Misha\.m2\repository\org\apache\kafka\kafka-tools-api\3.6.1\kafka-tools-api-3.6.1.jar;C:\Users\Misha\.m2\repository\org\apache\kafka\kafka-storage\3.6.1\kafka-storage-3.6.1.jar;C:\Users\Misha\.m2\repository\com\github\ben-manes\caffeine\caffeine\3.1.8\caffeine-3.1.8.jar;C:\Users\Misha\.m2\repository\org\checkerframework\checker-qual\3.37.0\checker-qual-3.37.0.jar;C:\Users\Misha\.m2\repository\com\google\errorprone\error_prone_annotations\2.21.1\error_prone_annotations-2.21.1.jar;C:\Users\Misha\.m2\repository\net\sourceforge\argparse4j\argparse4j\0.7.0\argparse4j-0.7.0.jar;C:\Users\Misha\.m2\repository\commons-validator\commons-validator\1.7\commons-validator-1.7.jar;C:\Users\Misha\.m2\repository\commons-beanutils\commons-beanutils\1.9.4\commons-beanutils-1.9.4.jar;C:\Users\Misha\.m2\repository\commons-digester\commons-digester\2.1\commons-digester-2.1.jar;C:\Users\Misha\.m2\repository\commons-collections\commons-collections\3.2.2\commons-collections-3.2.2.jar;C:\Users\Misha\.m2\repository\com\fasterxml\jackson\module\jackson-module-scala_2.13\2.15.3\jackson-module-scala_2.13-2.15.3.jar;C:\Users\Misha\.m2\repository\com\thoughtworks\paranamer\paranamer\2.8\paranamer-2.8.jar;C:\Users\Misha\.m2\repository\com\fasterxml\jackson\dataformat\jackson-dataformat-csv\2.15.3\jackson-dataformat-csv-2.15.3.jar;C:\Users\Misha\.m2\repository\org\bitbucket\b_c\jose4j\0.9.3\jose4j-0.9.3.jar;C:\Users\Misha\.m2\repository\org\scala-lang\modules\scala-collection-compat_2.13\2.10.0\scala-collection-compat_2.13-2.10.0.jar;C:\Users\Misha\.m2\repository\org\scala-lang\modules\scala-java8-compat_2.13\1.0.2\scala-java8-compat_2.13-1.0.2.jar;C:\Users\Misha\.m2\repository\org\scala-lang\scala-reflect\2.13.11\scala-reflect-2.13.11.jar;C:\Users\Misha\.m2\repository\com\typesafe\scala-logging\scala-logging_2.13\3.9.4\scala-logging_2.13-3.9.4.jar;C:\Users\Misha\.m2\repository\io\dropwizard\metrics\metrics-core\4.2.23\metrics-core-4.2.23.jar;C:\Users\Misha\.m2\repository\commons-cli\commons-cli\1.4\commons-cli-1.4.jar;C:\Users\Misha\.m2\repository\org\apache\kafka\kafka_2.13\3.6.1\kafka_2.13-3.6.1-test.jar;C:\Users\Misha\.m2\repository\org\junit\jupiter\junit-jupiter-api\5.10.1\junit-jupiter-api-5.10.1.jar;C:\Users\Misha\.m2\repository\org\opentest4j\opentest4j\1.3.0\opentest4j-1.3.0.jar;C:\Users\Misha\.m2\repository\org\junit\platform\junit-platform-commons\1.10.1\junit-platform-commons-1.10.1.jar;C:\Users\Misha\.m2\repository\org\apiguardian\apiguardian-api\1.1.2\apiguardian-api-1.1.2.jar;C:\Users\Misha\.m2\repository\org\junit\platform\junit-platform-launcher\1.10.1\junit-platform-launcher-1.10.1.jar;C:\Users\Misha\.m2\repository\org\junit\platform\junit-platform-engine\1.10.1\junit-platform-engine-1.10.1.jar;C:\Users\Misha\.m2\repository\commons-io\commons-io\2.15.1\commons-io-2.15.1.jar;C:\Users\Misha\.m2\repository\org\slf4j\slf4j-api\2.0.9\slf4j-api-2.0.9.jar;C:\Users\Misha\.m2\repository\org\slf4j\slf4j-simple\2.0.9\slf4j-simple-2.0.9.jar;C:\Users\Misha\.m2\repository\org\apache\maven\surefire\surefire-junit-platform\3.1.2\surefire-junit-platform-3.1.2.jar;C:\Users\Misha\.m2\repository\org\apache\maven\surefire\common-java5\3.1.2\common-java5-3.1.2.jar
2025-11-09T17:11:40.169+05:30  INFO 18184 --- [           main] org.apache.zookeeper.ZooKeeper           : Client environment:java.library.path=C:\Program Files\OpenJDK\jdk-17.0.2\bin;C:\Windows\Sun\Java\bin;C:\Windows\system32;C:\Windows;C:\\Program Files\\OpenJDK\\jdk-17.0.2\\bin;C:\\Users\\Misha\\.trae\\tools\\maven\\latest\\bin;C:\\Users\\Misha\\.trae\\tools\\gradle\\latest\\bin;C:\Program Files\OpenJDK\jdk-17.0.2\bin;C:\Users\Misha\.trae\tools\maven\latest\bin;C:\Users\Misha\.trae\tools\gradle\latest\bin;c:\Users\Misha\AppData\Local\Programs\cursor\resources\app\bin;C:\Program Files\Google\Chrome\Application;C:\Python313\Scripts\;C:\Python313\;C:\Windows\system32;C:\Windows;C:\Windows\System32\Wbem;C:\Windows\System32\WindowsPowerShell\v1.0\;C:\Windows\System32\OpenSSH\;C:\Program Files\Git\cmd;C:\ProgramData\chocolatey\bin;C:\Users\Misha\AppData\Local\Programs\Python\Python310\Scripts\;C:\Users\Misha\AppData\Local\Programs\Python\Python310\;C:\Users\Misha\AppData\Local\Programs\Python\Python311\Scripts\;C:\Users\Misha\AppData\Local\Programs\Python\Python311\;C:\Users\Misha\AppData\Local\Programs\Python\Python312\Scripts\;C:\Users\Misha\AppData\Local\Programs\Python\Python312\;C:\Users\Misha\AppData\Local\Programs\Python\Launcher\;C:\Users\Misha\AppData\Local\Microsoft\WindowsApps;C:\Program Files\JetBrains\IntelliJ IDEA 2025.1.2\bin;C:\Users\Misha\AppData\Roaming\npm;c:\Users\Misha\AppData\Local\Programs\cursor\resources\app\bin;C:\Program Files\OpenJDK\jdk-17.0.2\bin;%NVM_HOME%;%NVM_SYMLINK%;C:\Users\Misha\AppData\Local\Programs\Python\Python310\Scripts\;C:\Users\Misha\AppData\Local\Programs\Python\Python310\;C:\Users\Misha\AppData\Local\Programs\Python\Python311\Scripts\;C:\Users\Misha\AppData\Local\Programs\Python\Python311\;C:\Users\Misha\AppData\Local\Programs\Python\Python312\Scripts\;C:\Users\Misha\AppData\Local\Programs\Python\Python312\;C:\Users\Misha\AppData\Local\Programs\Python\Launcher\;C:\Users\Misha\AppData\Local\Microsoft\WindowsApps;C:\Users\Misha\AppData\Local\Programs\Microsoft VS Code\bin;C:\Program Files\JetBrains\IntelliJ IDEA 2025.1.2\bin;;C:\Users\Misha\AppData\Roaming\npm;C:\Users\Misha\AppData\Local\nvm;C:\nvm4w\nodejs;c:\Users\Misha\.trae\extensions\vscjava.vscode-java-debug-0.58.3-universal\bundled\scripts\noConfigScripts;.
2025-11-09T17:11:40.169+05:30  INFO 18184 --- [           main] org.apache.zookeeper.ZooKeeper           : Client environment:java.io.tmpdir=C:\Users\Misha\AppData\Local\Temp\
2025-11-09T17:11:40.169+05:30  INFO 18184 --- [           main] org.apache.zookeeper.ZooKeeper           : Client environment:java.compiler=<NA>
2025-11-09T17:11:40.169+05:30  INFO 18184 --- [           main] org.apache.zookeeper.ZooKeeper           : Client environment:os.name=Windows 10
2025-11-09T17:11:40.169+05:30  INFO 18184 --- [           main] org.apache.zookeeper.ZooKeeper           : Client environment:os.arch=amd64
2025-11-09T17:11:40.169+05:30  INFO 18184 --- [           main] org.apache.zookeeper.ZooKeeper           : Client environment:os.version=10.0
2025-11-09T17:11:40.169+05:30  INFO 18184 --- [           main] org.apache.zookeeper.ZooKeeper           : Client environment:user.name=Misha
2025-11-09T17:11:40.169+05:30  INFO 18184 --- [           main] org.apache.zookeeper.ZooKeeper           : Client environment:user.home=C:\Users\Misha
2025-11-09T17:11:40.169+05:30  INFO 18184 --- [           main] org.apache.zookeeper.ZooKeeper           : Client environment:user.dir=C:\Users\Misha\Midas_Forage_ver3
2025-11-09T17:11:40.169+05:30  INFO 18184 --- [           main] org.apache.zookeeper.ZooKeeper           : Client environment:os.memory.free=39MB
2025-11-09T17:11:40.169+05:30  INFO 18184 --- [           main] org.apache.zookeeper.ZooKeeper           : Client environment:os.memory.max=2800MB
2025-11-09T17:11:40.169+05:30  INFO 18184 --- [           main] org.apache.zookeeper.ZooKeeper           : Client environment:os.memory.total=60MB
2025-11-09T17:11:40.172+05:30  INFO 18184 --- [           main] org.apache.zookeeper.ZooKeeper           : Initiating client connection, connectString=127.0.0.1:65203 sessionTimeout=18000 watcher=kafka.zookeeper.ZooKeeperClient$ZooKeeperClientWatcher$@5e519ad3
2025-11-09T17:11:40.176+05:30  INFO 18184 --- [           main] org.apache.zookeeper.ClientCnxnSocket    : jute.maxbuffer value is 4194304 Bytes
2025-11-09T17:11:40.184+05:30  INFO 18184 --- [           main] org.apache.zookeeper.ClientCnxn          : zookeeper.request.timeout value is 0. feature enabled=false
2025-11-09T17:11:40.185+05:30  INFO 18184 --- [           main] kafka.zookeeper.ZooKeeperClient          : [ZooKeeperClient Kafka server] Waiting until connected.
2025-11-09T17:11:40.186+05:30  INFO 18184 --- [27.0.0.1:65203)] org.apache.zookeeper.ClientCnxn          : Opening socket connection to server /127.0.0.1:65203.
2025-11-09T17:11:40.190+05:30  INFO 18184 --- [27.0.0.1:65203)] org.apache.zookeeper.ClientCnxn          : Socket connection established, initiating session, client: /127.0.0.1:65204, server: /127.0.0.1:65203
2025-11-09T17:11:40.203+05:30  INFO 18184 --- [   SyncThread:0] o.a.z.server.persistence.FileTxnLog      : Creating new log file: log.1
2025-11-09T17:11:40.209+05:30  INFO 18184 --- [   SyncThread:0] o.a.zookeeper.audit.ZKAuditProvider      : ZooKeeper audit is disabled.
2025-11-09T17:11:40.214+05:30  INFO 18184 --- [27.0.0.1:65203)] org.apache.zookeeper.ClientCnxn          : Session establishment complete on server /127.0.0.1:65203, session id = 0x100057b7a300000, negotiated timeout = 16000
2025-11-09T17:11:40.219+05:30  INFO 18184 --- [           main] kafka.zookeeper.ZooKeeperClient          : [ZooKeeperClient Kafka server] Connected.
2025-11-09T17:11:40.420+05:30  INFO 18184 --- [           main] kafka.server.KafkaServer                 : Cluster ID = ay1BIQMSStOZzpoSfdabQA
2025-11-09T17:11:40.423+05:30  WARN 18184 --- [           main] kafka.server.BrokerMetadataCheckpoint    : No meta.properties file under dir C:\Users\Misha\AppData\Local\Temp\spring.kafka.c845ba32-5a73-48d4-aa21-1fcde2d0c4f713769868900888939050\meta.properties
2025-11-09T17:11:40.483+05:30  INFO 18184 --- [           main] kafka.server.KafkaConfig                 : KafkaConfig values: 
	advertised.listeners = null
	alter.config.policy.class.name = null
	alter.log.dirs.replication.quota.window.num = 11
	alter.log.dirs.replication.quota.window.size.seconds = 1
	authorizer.class.name = 
	auto.create.topics.enable = true
	auto.include.jmx.reporter = true
	auto.leader.rebalance.enable = true
	background.threads = 2
	broker.heartbeat.interval.ms = 2000
	broker.id = 0
	broker.id.generation.enable = true
	broker.rack = null
	broker.session.timeout.ms = 9000
	client.quota.callback.class = null
	compression.type = producer
	connection.failed.authentication.delay.ms = 100
	connections.max.idle.ms = 600000
	connections.max.reauth.ms = 0
	control.plane.listener.name = null
	controlled.shutdown.enable = false
	controlled.shutdown.max.retries = 3
	controlled.shutdown.retry.backoff.ms = 100
	controller.listener.names = null
	controller.quorum.append.linger.ms = 25
	controller.quorum.election.backoff.max.ms = 1000
	controller.quorum.election.timeout.ms = 1000
	controller.quorum.fetch.timeout.ms = 2000
	controller.quorum.request.timeout.ms = 2000
	controller.quorum.retry.backoff.ms = 20
	controller.quorum.voters = []
	controller.quota.window.num = 11
	controller.quota.window.size.seconds = 1
	controller.socket.timeout.ms = 1000
	create.topic.policy.class.name = null
	default.replication.factor = 1
	delegation.token.expiry.check.interval.ms = 3600000
	delegation.token.expiry.time.ms = 86400000
	delegation.token.master.key = null
	delegation.token.max.lifetime.ms = 604800000
	delegation.token.secret.key = null
	delete.records.purgatory.purge.interval.requests = 1
	delete.topic.enable = true
	early.start.listeners = null
	fetch.max.bytes = 57671680
	fetch.purgatory.purge.interval.requests = 1000
	group.consumer.assignors = [org.apache.kafka.coordinator.group.assignor.RangeAssignor]
	group.consumer.heartbeat.interval.ms = 5000
	group.consumer.max.heartbeat.interval.ms = 15000
	group.consumer.max.session.timeout.ms = 60000
	group.consumer.max.size = 2147483647
	group.consumer.min.heartbeat.interval.ms = 5000
	group.consumer.min.session.timeout.ms = 45000
	group.consumer.session.timeout.ms = 45000
	group.coordinator.new.enable = false
	group.coordinator.threads = 1
	group.initial.rebalance.delay.ms = 0
	group.max.session.timeout.ms = 1800000
	group.max.size = 2147483647
	group.min.session.timeout.ms = 6000
	initial.broker.registration.timeout.ms = 60000
	inter.broker.listener.name = null
	inter.broker.protocol.version = 3.6-IV2
	kafka.metrics.polling.interval.secs = 10
	kafka.metrics.reporters = []
	leader.imbalance.check.interval.seconds = 300
	leader.imbalance.per.broker.percentage = 10
	listener.security.protocol.map = PLAINTEXT:PLAINTEXT,SSL:SSL,SASL_PLAINTEXT:SASL_PLAINTEXT,SASL_SSL:SASL_SSL
	listeners = PLAINTEXT://localhost:9092
	log.cleaner.backoff.ms = 15000
	log.cleaner.dedupe.buffer.size = 2097152
	log.cleaner.delete.retention.ms = 86400000
	log.cleaner.enable = true
	log.cleaner.io.buffer.load.factor = 0.9
	log.cleaner.io.buffer.size = 524288
	log.cleaner.io.max.bytes.per.second = 1.7976931348623157E308
	log.cleaner.max.compaction.lag.ms = 9223372036854775807
	log.cleaner.min.cleanable.ratio = 0.5
	log.cleaner.min.compaction.lag.ms = 0
	log.cleaner.threads = 1
	log.cleanup.policy = [delete]
	log.dir = C:\Users\Misha\AppData\Local\Temp\spring.kafka.c845ba32-5a73-48d4-aa21-1fcde2d0c4f713769868900888939050
	log.dirs = null
	log.flush.interval.messages = 9223372036854775807
	log.flush.interval.ms = null
	log.flush.offset.checkpoint.interval.ms = 60000
	log.flush.scheduler.interval.ms = 9223372036854775807
	log.flush.start.offset.checkpoint.interval.ms = 60000
	log.index.interval.bytes = 4096
	log.index.size.max.bytes = 10485760
	log.local.retention.bytes = -2
	log.local.retention.ms = -2
	log.message.downconversion.enable = true
	log.message.format.version = 3.0-IV1
	log.message.timestamp.after.max.ms = 9223372036854775807
	log.message.timestamp.before.max.ms = 9223372036854775807
	log.message.timestamp.difference.max.ms = 9223372036854775807
	log.message.timestamp.type = CreateTime
	log.preallocate = false
	log.retention.bytes = -1
	log.retention.check.interval.ms = 300000
	log.retention.hours = 168
	log.retention.minutes = null
	log.retention.ms = null
	log.roll.hours = 168
	log.roll.jitter.hours = 0
	log.roll.jitter.ms = null
	log.roll.ms = null
	log.segment.bytes = 1073741824
	log.segment.delete.delay.ms = 1000
	max.connection.creation.rate = 2147483647
	max.connections = 2147483647
	max.connections.per.ip = 2147483647
	max.connections.per.ip.overrides = 
	max.incremental.fetch.session.cache.slots = 1000
	message.max.bytes = 1048588
	metadata.log.dir = null
	metadata.log.max.record.bytes.between.snapshots = 20971520
	metadata.log.max.snapshot.interval.ms = 3600000
	metadata.log.segment.bytes = 1073741824
	metadata.log.segment.min.bytes = 8388608
	metadata.log.segment.ms = 604800000
	metadata.max.idle.interval.ms = 500
	metadata.max.retention.bytes = 104857600
	metadata.max.retention.ms = 604800000
	metric.reporters = []
	metrics.num.samples = 2
	metrics.recording.level = INFO
	metrics.sample.window.ms = 30000
	min.insync.replicas = 1
	node.id = 0
	num.io.threads = 8
	num.network.threads = 2
	num.partitions = 1
	num.recovery.threads.per.data.dir = 1
	num.replica.alter.log.dirs.threads = null
	num.replica.fetchers = 1
	offset.metadata.max.bytes = 4096
	offsets.commit.required.acks = -1
	offsets.commit.timeout.ms = 5000
	offsets.load.buffer.size = 5242880
	offsets.retention.check.interval.ms = 600000
	offsets.retention.minutes = 10080
	offsets.topic.compression.codec = 0
	offsets.topic.num.partitions = 5
	offsets.topic.replication.factor = 1
	offsets.topic.segment.bytes = 104857600
	password.encoder.cipher.algorithm = AES/CBC/PKCS5Padding
	password.encoder.iterations = 4096
	password.encoder.key.length = 128
	password.encoder.keyfactory.algorithm = null
	password.encoder.old.secret = null
	password.encoder.secret = null
	principal.builder.class = class org.apache.kafka.common.security.authenticator.DefaultKafkaPrincipalBuilder
	process.roles = []
	producer.id.expiration.check.interval.ms = 600000
	producer.id.expiration.ms = 86400000
	producer.purgatory.purge.interval.requests = 1000
	queued.max.request.bytes = -1
	queued.max.requests = 500
	quota.window.num = 11
	quota.window.size.seconds = 1
	remote.log.index.file.cache.total.size.bytes = 1073741824
	remote.log.manager.task.interval.ms = 30000
	remote.log.manager.task.retry.backoff.max.ms = 30000
	remote.log.manager.task.retry.backoff.ms = 500
	remote.log.manager.task.retry.jitter = 0.2
	remote.log.manager.thread.pool.size = 10
	remote.log.metadata.custom.metadata.max.bytes = 128
	remote.log.metadata.manager.class.name = org.apache.kafka.server.log.remote.metadata.storage.TopicBasedRemoteLogMetadataManager
	remote.log.metadata.manager.class.path = null
	remote.log.metadata.manager.impl.prefix = rlmm.config.
	remote.log.metadata.manager.listener.name = null
	remote.log.reader.max.pending.tasks = 100
	remote.log.reader.threads = 10
	remote.log.storage.manager.class.name = null
	remote.log.storage.manager.class.path = null
	remote.log.storage.manager.impl.prefix = rsm.config.
	remote.log.storage.system.enable = false
	replica.fetch.backoff.ms = 1000
	replica.fetch.max.bytes = 1048576
	replica.fetch.min.bytes = 1
	replica.fetch.response.max.bytes = 10485760
	replica.fetch.wait.max.ms = 500
	replica.high.watermark.checkpoint.interval.ms = 9223372036854775807
	replica.lag.time.max.ms = 30000
	replica.selector.class = null
	replica.socket.receive.buffer.bytes = 65536
	replica.socket.timeout.ms = 1000
	replication.quota.window.num = 11
	replication.quota.window.size.seconds = 1
	request.timeout.ms = 30000
	reserved.broker.max.id = 1000
	sasl.client.callback.handler.class = null
	sasl.enabled.mechanisms = [GSSAPI]
	sasl.jaas.config = null
	sasl.kerberos.kinit.cmd = /usr/bin/kinit
	sasl.kerberos.min.time.before.relogin = 60000
	sasl.kerberos.principal.to.local.rules = [DEFAULT]
	sasl.kerberos.service.name = null
	sasl.kerberos.ticket.renew.jitter = 0.05
	sasl.kerberos.ticket.renew.window.factor = 0.8
	sasl.login.callback.handler.class = null
	sasl.login.class = null
	sasl.login.connect.timeout.ms = null
	sasl.login.read.timeout.ms = null
	sasl.login.refresh.buffer.seconds = 300
	sasl.login.refresh.min.period.seconds = 60
	sasl.login.refresh.window.factor = 0.8
	sasl.login.refresh.window.jitter = 0.05
	sasl.login.retry.backoff.max.ms = 10000
	sasl.login.retry.backoff.ms = 100
	sasl.mechanism.controller.protocol = GSSAPI
	sasl.mechanism.inter.broker.protocol = GSSAPI
	sasl.oauthbearer.clock.skew.seconds = 30
	sasl.oauthbearer.expected.audience = null
	sasl.oauthbearer.expected.issuer = null
	sasl.oauthbearer.jwks.endpoint.refresh.ms = 3600000
	sasl.oauthbearer.jwks.endpoint.retry.backoff.max.ms = 10000
	sasl.oauthbearer.jwks.endpoint.retry.backoff.ms = 100
	sasl.oauthbearer.jwks.endpoint.url = null
	sasl.oauthbearer.scope.claim.name = scope
	sasl.oauthbearer.sub.claim.name = sub
	sasl.oauthbearer.token.endpoint.url = null
	sasl.server.callback.handler.class = null
	sasl.server.max.receive.size = 524288
	security.inter.broker.protocol = PLAINTEXT
	security.providers = null
	server.max.startup.time.ms = 9223372036854775807
	socket.connection.setup.timeout.max.ms = 30000
	socket.connection.setup.timeout.ms = 10000
	socket.listen.backlog.size = 50
	socket.receive.buffer.bytes = 102400
	socket.request.max.bytes = 104857600
	socket.send.buffer.bytes = 102400
	ssl.cipher.suites = []
	ssl.client.auth = none
	ssl.enabled.protocols = [TLSv1.2, TLSv1.3]
	ssl.endpoint.identification.algorithm = https
	ssl.engine.factory.class = null
	ssl.key.password = null
	ssl.keymanager.algorithm = SunX509
	ssl.keystore.certificate.chain = null
	ssl.keystore.key = null
	ssl.keystore.location = null
	ssl.keystore.password = null
	ssl.keystore.type = JKS
	ssl.principal.mapping.rules = DEFAULT
	ssl.protocol = TLSv1.3
	ssl.provider = null
	ssl.secure.random.implementation = null
	ssl.trustmanager.algorithm = PKIX
	ssl.truststore.certificates = null
	ssl.truststore.location = null
	ssl.truststore.password = null
	ssl.truststore.type = JKS
	transaction.abort.timed.out.transaction.cleanup.interval.ms = 10000
	transaction.max.timeout.ms = 900000
	transaction.partition.verification.enable = true
	transaction.remove.expired.transaction.cleanup.interval.ms = 3600000
	transaction.state.log.load.buffer.size = 5242880
	transaction.state.log.min.isr = 2
	transaction.state.log.num.partitions = 50
	transaction.state.log.replication.factor = 1
	transaction.state.log.segment.bytes = 104857600
	transactional.id.expiration.ms = 604800000
	unclean.leader.election.enable = false
	unstable.api.versions.enable = false
	zookeeper.clientCnxnSocket = null
	zookeeper.connect = 127.0.0.1:65203
	zookeeper.connection.timeout.ms = 10000
	zookeeper.max.in.flight.requests = 10
	zookeeper.metadata.migration.enable = false
	zookeeper.session.timeout.ms = 18000
	zookeeper.set.acl = false
	zookeeper.ssl.cipher.suites = null
	zookeeper.ssl.client.enable = false
	zookeeper.ssl.crl.enable = false
	zookeeper.ssl.enabled.protocols = null
	zookeeper.ssl.endpoint.identification.algorithm = HTTPS
	zookeeper.ssl.keystore.location = null
	zookeeper.ssl.keystore.password = null
	zookeeper.ssl.keystore.type = null
	zookeeper.ssl.ocsp.enable = false
	zookeeper.ssl.protocol = TLSv1.2
	zookeeper.ssl.truststore.location = null
	zookeeper.ssl.truststore.password = null
	zookeeper.ssl.truststore.type = null

2025-11-09T17:11:40.545+05:30  INFO 18184 --- [nelReaper-Fetch] lientQuotaManager$ThrottledChannelReaper : [ThrottledChannelReaper-Fetch]: Starting
2025-11-09T17:11:40.546+05:30  INFO 18184 --- [lReaper-Produce] lientQuotaManager$ThrottledChannelReaper : [ThrottledChannelReaper-Produce]: Starting
2025-11-09T17:11:40.549+05:30  INFO 18184 --- [lReaper-Request] lientQuotaManager$ThrottledChannelReaper : [ThrottledChannelReaper-Request]: Starting
2025-11-09T17:11:40.552+05:30  INFO 18184 --- [trollerMutation] lientQuotaManager$ThrottledChannelReaper : [ThrottledChannelReaper-ControllerMutation]: Starting
2025-11-09T17:11:40.629+05:30  INFO 18184 --- [           main] kafka.log.LogManager                     : Loading logs from log dirs ArraySeq(C:\Users\Misha\AppData\Local\Temp\spring.kafka.c845ba32-5a73-48d4-aa21-1fcde2d0c4f713769868900888939050)
2025-11-09T17:11:40.640+05:30  INFO 18184 --- [           main] kafka.log.LogManager                     : No logs found to be loaded in C:\Users\Misha\AppData\Local\Temp\spring.kafka.c845ba32-5a73-48d4-aa21-1fcde2d0c4f713769868900888939050
2025-11-09T17:11:40.654+05:30  INFO 18184 --- [           main] kafka.log.LogManager                     : Loaded 0 logs in 24ms
2025-11-09T17:11:40.658+05:30  INFO 18184 --- [           main] kafka.log.LogManager                     : Starting log cleanup with a period of 300000 ms.
2025-11-09T17:11:40.660+05:30  INFO 18184 --- [           main] kafka.log.LogManager                     : Starting log flusher with a default period of 9223372036854775807 ms.
2025-11-09T17:11:40.684+05:30  INFO 18184 --- [           main] kafka.log.LogCleaner                     : Starting the log cleaner
2025-11-09T17:11:40.704+05:30  INFO 18184 --- [leaner-thread-0] kafka.log.LogCleaner$CleanerThread       : [kafka-log-cleaner-thread-0]: Starting
2025-11-09T17:11:40.732+05:30  INFO 18184 --- [-process-thread] stener$ChangeNotificationProcessorThread : [feature-zk-node-event-process-thread]: Starting
2025-11-09T17:11:40.749+05:30  INFO 18184 --- [-process-thread] k.server.FinalizedFeatureChangeListener  : Feature ZK node at path: /feature does not exist
2025-11-09T17:11:40.798+05:30  INFO 18184 --- [channel-manager] k.s.BrokerToControllerRequestThread      : [zk-broker-0-to-controller-forwarding-channel-manager]: Starting
2025-11-09T17:11:41.215+05:30  INFO 18184 --- [           main] kafka.network.ConnectionQuotas           : Updated connection-accept-rate max connection creation rate to 2147483647
2025-11-09T17:11:41.241+05:30  INFO 18184 --- [           main] kafka.network.SocketServer               : [SocketServer listenerType=ZK_BROKER, nodeId=0] Created data-plane acceptor and processors for endpoint : ListenerName(PLAINTEXT)
2025-11-09T17:11:41.251+05:30  INFO 18184 --- [channel-manager] k.s.BrokerToControllerRequestThread      : [zk-broker-0-to-controller-alter-partition-channel-manager]: Starting
2025-11-09T17:11:41.323+05:30  INFO 18184 --- [eaper-0-Produce] perationPurgatory$ExpiredOperationReaper : [ExpirationReaper-0-Produce]: Starting
2025-11-09T17:11:41.328+05:30  INFO 18184 --- [nReaper-0-Fetch] perationPurgatory$ExpiredOperationReaper : [ExpirationReaper-0-Fetch]: Starting
2025-11-09T17:11:41.332+05:30  INFO 18184 --- [0-DeleteRecords] perationPurgatory$ExpiredOperationReaper : [ExpirationReaper-0-DeleteRecords]: Starting
2025-11-09T17:11:41.336+05:30  INFO 18184 --- [r-0-ElectLeader] perationPurgatory$ExpiredOperationReaper : [ExpirationReaper-0-ElectLeader]: Starting
[...]
2025-11-09T17:11:44.223+05:30  INFO 18184 --- [           main] o.apache.catalina.core.StandardEngine    : Starting Servlet engine: [Apache Tomcat/10.1.18]
2025-11-09T17:11:44.416+05:30  INFO 18184 --- [           main] o.a.c.c.C.[Tomcat].[localhost].[/]       : Initializing Spring embedded WebApplicationContext
2025-11-09T17:11:44.419+05:30  INFO 18184 --- [           main] w.s.c.ServletWebServerApplicationContext : Root WebApplicationContext: initialization completed in 2398 ms
2025-11-09T17:11:44.513+05:30  INFO 18184 --- [           main] com.zaxxer.hikari.HikariDataSource       : HikariPool-1 - Starting...
2025-11-09T17:11:44.881+05:30  INFO 18184 --- [           main] com.zaxxer.hikari.pool.HikariPool        : HikariPool-1 - Added connection conn0: url=jdbc:h2:mem:testdb user=SA
2025-11-09T17:11:44.883+05:30  INFO 18184 --- [           main] com.zaxxer.hikari.HikariDataSource       : HikariPool-1 - Start completed.
2025-11-09T17:11:44.900+05:30  INFO 18184 --- [           main] o.s.b.a.h2.H2ConsoleAutoConfiguration    : H2 console available at '/h2-console'. Database available at 'jdbc:h2:mem:testdb'
2025-11-09T17:11:45.158+05:30  INFO 18184 --- [           main] o.hibernate.jpa.internal.util.LogHelper  : HHH000204: Processing PersistenceUnitInfo [name: default]
2025-11-09T17:11:45.294+05:30  INFO 18184 --- [           main] org.hibernate.Version                    : HHH000412: Hibernate ORM core version 6.4.1.Final
2025-11-09T17:11:45.377+05:30  INFO 18184 --- [           main] o.h.c.internal.RegionFactoryInitiator    : HHH000026: Second-level cache disabled
2025-11-09T17:11:45.776+05:30  INFO 18184 --- [           main] o.s.o.j.p.SpringPersistenceUnitInfo      : No LoadTimeWeaver setup: ignoring JPA class transformer
2025-11-09T17:11:45.859+05:30  WARN 18184 --- [           main] org.hibernate.orm.deprecation            : HHH90000025: H2Dialect does not need to be specified explicitly using 'hibernate.dialect' (remove the property setting and it will be selected by default)
2025-11-09T17:11:46.849+05:30  INFO 18184 --- [er-event-thread] kafka.controller.KafkaController         : [Controller id=0] Processing automatic preferred replica leader election
2025-11-09T17:11:47.243+05:30  INFO 18184 --- [           main] o.h.e.t.j.p.i.JtaPlatformInitiator       : HHH000489: No JTA platform available (set 'hibernate.transaction.jta.platform' to enable JTA platform integration)
2025-11-09T17:11:47.317+05:30  INFO 18184 --- [           main] j.LocalContainerEntityManagerFactoryBean : Initialized JPA EntityManagerFactory for persistence unit 'default'
2025-11-09T17:11:48.300+05:30  WARN 18184 --- [           main] JpaBaseConfiguration$JpaWebConfiguration : spring.jpa.open-in-view is enabled by default. Therefore, database queries may be performed during view rendering. Explicitly configure spring.jpa.open-in-view to disable this warning
2025-11-09T17:11:49.153+05:30  INFO 18184 --- [           main] o.s.b.w.embedded.tomcat.TomcatWebServer  : Tomcat started on port 33400 (http) with context path ''
2025-11-09T17:11:49.211+05:30  INFO 18184 --- [           main] o.a.k.clients.consumer.ConsumerConfig    : ConsumerConfig values: 
	allow.auto.create.topics = true
	auto.commit.interval.ms = 5000
	auto.include.jmx.reporter = true
	auto.offset.reset = earliest
	bootstrap.servers = [127.0.0.1:9092]
	check.crcs = true
	client.dns.lookup = use_all_dns_ips
	client.id = consumer-midas-core-1
	client.rack = 
	connections.max.idle.ms = 540000
	default.api.timeout.ms = 60000
	enable.auto.commit = false
	exclude.internal.topics = true
	fetch.max.bytes = 52428800
	fetch.max.wait.ms = 500
	fetch.min.bytes = 1
	group.id = midas-core
	group.instance.id = null
	heartbeat.interval.ms = 3000
	interceptor.classes = []
	internal.leave.group.on.close = true
	internal.throw.on.fetch.stable.offset.unsupported = false
	isolation.level = read_uncommitted
	key.deserializer = class org.apache.kafka.common.serialization.StringDeserializer
	max.partition.fetch.bytes = 1048576
	max.poll.interval.ms = 300000
	max.poll.records = 500
	metadata.max.age.ms = 300000
	metric.reporters = []
	metrics.num.samples = 2
	metrics.recording.level = INFO
	metrics.sample.window.ms = 30000
	partition.assignment.strategy = [class org.apache.kafka.clients.consumer.RangeAssignor, class org.apache.kafka.clients.consumer.CooperativeStickyAssignor]
	receive.buffer.bytes = 65536
	reconnect.backoff.max.ms = 1000
	reconnect.backoff.ms = 50
	request.timeout.ms = 30000
	retry.backoff.ms = 100
	sasl.client.callback.handler.class = null
	sasl.jaas.config = null
	sasl.kerberos.kinit.cmd = /usr/bin/kinit
	sasl.kerberos.min.time.before.relogin = 60000
	sasl.kerberos.service.name = null
	sasl.kerberos.ticket.renew.jitter = 0.05
	sasl.kerberos.ticket.renew.window.factor = 0.8
	sasl.login.callback.handler.class = null
	sasl.login.class = null
	sasl.login.connect.timeout.ms = null
	sasl.login.read.timeout.ms = null
	sasl.login.refresh.buffer.seconds = 300
	sasl.login.refresh.min.period.seconds = 60
	sasl.login.refresh.window.factor = 0.8
	sasl.login.refresh.window.jitter = 0.05
	sasl.login.retry.backoff.max.ms = 10000
	sasl.login.retry.backoff.ms = 100
	sasl.mechanism = GSSAPI
	sasl.oauthbearer.clock.skew.seconds = 30
	sasl.oauthbearer.expected.audience = null
	sasl.oauthbearer.expected.issuer = null
	sasl.oauthbearer.jwks.endpoint.refresh.ms = 3600000
	sasl.oauthbearer.jwks.endpoint.retry.backoff.max.ms = 10000
	sasl.oauthbearer.jwks.endpoint.retry.backoff.ms = 100
	sasl.oauthbearer.jwks.endpoint.url = null
	sasl.oauthbearer.scope.claim.name = scope
	sasl.oauthbearer.sub.claim.name = sub
	sasl.oauthbearer.token.endpoint.url = null
	security.protocol = PLAINTEXT
	security.providers = null
	send.buffer.bytes = 131072
	session.timeout.ms = 45000
	socket.connection.setup.timeout.max.ms = 30000
	socket.connection.setup.timeout.ms = 10000
	ssl.cipher.suites = null
	ssl.enabled.protocols = [TLSv1.2, TLSv1.3]
	ssl.endpoint.identification.algorithm = https
	ssl.engine.factory.class = null
	ssl.key.password = null
	ssl.keymanager.algorithm = SunX509
	ssl.keystore.certificate.chain = null
	ssl.keystore.key = null
	ssl.keystore.location = null
	ssl.keystore.password = null
	ssl.keystore.type = JKS
	ssl.protocol = TLSv1.3
	ssl.provider = null
	ssl.secure.random.implementation = null
	ssl.trustmanager.algorithm = PKIX
	ssl.truststore.certificates = null
	ssl.truststore.location = null
	ssl.truststore.password = null
	ssl.truststore.type = JKS
	value.deserializer = class org.apache.kafka.common.serialization.StringDeserializer

2025-11-09T17:11:49.299+05:30  INFO 18184 --- [           main] o.a.kafka.common.utils.AppInfoParser     : Kafka version: 3.6.1
2025-11-09T17:11:49.299+05:30  INFO 18184 --- [           main] o.a.kafka.common.utils.AppInfoParser     : Kafka commitId: 5e3c2b738d253ff5
2025-11-09T17:11:49.299+05:30  INFO 18184 --- [           main] o.a.kafka.common.utils.AppInfoParser     : Kafka startTimeMs: 1762688509299
2025-11-09T17:11:49.302+05:30  INFO 18184 --- [           main] fkaConsumerFactory$ExtendedKafkaConsumer : [Consumer clientId=consumer-midas-core-1, groupId=midas-core] Subscribed to topic(s): transactions
2025-11-09T17:11:49.333+05:30  INFO 18184 --- [           main] com.jpmc.midascore.TaskFiveTests         : Started TaskFiveTests in 10.893 seconds (process running for 12.774)
2025-11-09T17:11:49.357+05:30  INFO 18184 --- [ntainer#0-0-C-1] org.apache.kafka.clients.Metadata        : [Consumer clientId=consumer-midas-core-1, groupId=midas-core] Cluster ID: pIcME_RgTySqeACZdnQxwg
2025-11-09T17:11:49.359+05:30  INFO 18184 --- [ntainer#0-0-C-1] o.a.k.c.c.internals.ConsumerCoordinator  : [Consumer clientId=consumer-midas-core-1, groupId=midas-core] Discovered group coordinator localhost:9092 (id: 2147483647 rack: null)
2025-11-09T17:11:49.364+05:30  INFO 18184 --- [ntainer#0-0-C-1] o.a.k.c.c.internals.ConsumerCoordinator  : [Consumer clientId=consumer-midas-core-1, groupId=midas-core] (Re-)joining group
2025-11-09T17:11:49.401+05:30  INFO 18184 --- [ntainer#0-0-C-1] o.a.k.c.c.internals.ConsumerCoordinator  : [Consumer clientId=consumer-midas-core-1, groupId=midas-core] Request joining group due to: need to re-join with the given member-id: consumer-midas-core-1-23fe140a-51ed-4b1c-b14b-5202610e463d
2025-11-09T17:11:49.401+05:30  INFO 18184 --- [ntainer#0-0-C-1] o.a.k.c.c.internals.ConsumerCoordinator  : [Consumer clientId=consumer-midas-core-1, groupId=midas-core] Request joining group due to: rebalance failed due to 'The group member needs to have a valid member id before actually entering a consumer group.' (MemberIdRequiredException)
2025-11-09T17:11:49.402+05:30  INFO 18184 --- [ntainer#0-0-C-1] o.a.k.c.c.internals.ConsumerCoordinator  : [Consumer clientId=consumer-midas-core-1, groupId=midas-core] (Re-)joining group
2025-11-09T17:11:49.856+05:30  INFO 18184 --- [ntainer#0-0-C-1] o.a.k.c.c.internals.ConsumerCoordinator  : [Consumer clientId=consumer-midas-core-1, groupId=midas-core] Successfully joined group with generation Generation{generationId=2, memberId='consumer-midas-core-1-23fe140a-51ed-4b1c-b14b-5202610e463d', protocol='range'}
2025-11-09T17:11:49.862+05:30  INFO 18184 --- [ntainer#0-0-C-1] o.a.k.c.c.internals.ConsumerCoordinator  : [Consumer clientId=consumer-midas-core-1, groupId=midas-core] Successfully synced group in generation Generation{generationId=2, memberId='consumer-midas-core-1-23fe140a-51ed-4b1c-b14b-5202610e463d', protocol='range'}
2025-11-09T17:11:49.867+05:30  INFO 18184 --- [ntainer#0-0-C-1] o.a.k.c.c.internals.ConsumerCoordinator  : [Consumer clientId=consumer-midas-core-1, groupId=midas-core] Notifying assignor about the new Assignment(partitions=[transactions-0])
2025-11-09T17:11:49.872+05:30  INFO 18184 --- [ntainer#0-0-C-1] o.a.k.c.c.internals.ConsumerCoordinator  : [Consumer clientId=consumer-midas-core-1, groupId=midas-core] Adding newly assigned partitions: transactions-0
2025-11-09T17:11:49.887+05:30  INFO 18184 --- [ntainer#0-0-C-1] o.a.k.c.c.internals.ConsumerCoordinator  : [Consumer clientId=consumer-midas-core-1, groupId=midas-core] Setting offset for partition transactions-0 to the committed offset FetchPosition{offset=22, offsetEpoch=Optional.empty, currentLeader=LeaderAndEpoch{leader=Optional[localhost:9092 (id: 0 rack: null)], epoch=0}}
2025-11-09T17:11:49.888+05:30  INFO 18184 --- [ntainer#0-0-C-1] o.s.k.l.KafkaMessageListenerContainer    : midas-core: partitions assigned: [transactions-0]
2025-11-09T17:11:50.481+05:30  INFO 18184 --- [           main] o.a.k.clients.producer.ProducerConfig    : ProducerConfig values: 
	acks = -1
	auto.include.jmx.reporter = true
	batch.size = 16384
	bootstrap.servers = [127.0.0.1:9092]
	buffer.memory = 33554432
	client.dns.lookup = use_all_dns_ips
	client.id = producer-1
	compression.type = none
	connections.max.idle.ms = 540000
	delivery.timeout.ms = 120000
	enable.idempotence = true
	interceptor.classes = []
	key.serializer = class org.apache.kafka.common.serialization.StringSerializer
	linger.ms = 0
	max.block.ms = 60000
	max.in.flight.requests.per.connection = 5
	max.request.size = 1048576
	metadata.max.age.ms = 300000
	metadata.max.idle.ms = 300000
	metric.reporters = []
	metrics.num.samples = 2
	metrics.recording.level = INFO
	metrics.sample.window.ms = 30000
	partitioner.adaptive.partitioning.enable = true
	partitioner.availability.timeout.ms = 0
	partitioner.class = null
	partitioner.ignore.keys = false
	receive.buffer.bytes = 32768
	reconnect.backoff.max.ms = 1000
	reconnect.backoff.ms = 50
	request.timeout.ms = 30000
	retries = 2147483647
	retry.backoff.ms = 100
	sasl.client.callback.handler.class = null
	sasl.jaas.config = null
	sasl.kerberos.kinit.cmd = /usr/bin/kinit
	sasl.kerberos.min.time.before.relogin = 60000
	sasl.kerberos.service.name = null
	sasl.kerberos.ticket.renew.jitter = 0.05
	sasl.kerberos.ticket.renew.window.factor = 0.8
	sasl.login.callback.handler.class = null
	sasl.login.class = null
	sasl.login.connect.timeout.ms = null
	sasl.login.read.timeout.ms = null
	sasl.login.refresh.buffer.seconds = 300
	sasl.login.refresh.min.period.seconds = 60
	sasl.login.refresh.window.factor = 0.8
	sasl.login.refresh.window.jitter = 0.05
	sasl.login.retry.backoff.max.ms = 10000
	sasl.login.retry.backoff.ms = 100
	sasl.mechanism = GSSAPI
	sasl.oauthbearer.clock.skew.seconds = 30
	sasl.oauthbearer.expected.audience = null
	sasl.oauthbearer.expected.issuer = null
	sasl.oauthbearer.jwks.endpoint.refresh.ms = 3600000
	sasl.oauthbearer.jwks.endpoint.retry.backoff.max.ms = 10000
	sasl.oauthbearer.jwks.endpoint.retry.backoff.ms = 100
	sasl.oauthbearer.jwks.endpoint.url = null
	sasl.oauthbearer.scope.claim.name = scope
	sasl.oauthbearer.sub.claim.name = sub
	sasl.oauthbearer.token.endpoint.url = null
	security.protocol = PLAINTEXT
	security.providers = null
	send.buffer.bytes = 131072
	socket.connection.setup.timeout.max.ms = 30000
	socket.connection.setup.timeout.ms = 10000
	ssl.cipher.suites = null
	ssl.enabled.protocols = [TLSv1.2, TLSv1.3]
	ssl.endpoint.identification.algorithm = https
	ssl.engine.factory.class = null
	ssl.key.password = null
	ssl.keymanager.algorithm = SunX509
	ssl.keystore.certificate.chain = null
	ssl.keystore.key = null
	ssl.keystore.location = null
	ssl.keystore.password = null
	ssl.keystore.type = JKS
	ssl.protocol = TLSv1.3
	ssl.provider = null
	ssl.secure.random.implementation = null
	ssl.trustmanager.algorithm = PKIX
	ssl.truststore.certificates = null
	ssl.truststore.location = null
	ssl.truststore.password = null
	ssl.truststore.type = JKS
	transaction.timeout.ms = 60000
	transactional.id = null
	value.serializer = class org.apache.kafka.common.serialization.StringSerializer

2025-11-09T17:11:50.492+05:30  INFO 18184 --- [           main] o.a.k.clients.producer.KafkaProducer     : [Producer clientId=producer-1] Instantiated an idempotent producer.
2025-11-09T17:11:50.509+05:30  INFO 18184 --- [           main] o.a.kafka.common.utils.AppInfoParser     : Kafka version: 3.6.1
2025-11-09T17:11:50.509+05:30  INFO 18184 --- [           main] o.a.kafka.common.utils.AppInfoParser     : Kafka commitId: 5e3c2b738d253ff5
2025-11-09T17:11:50.509+05:30  INFO 18184 --- [           main] o.a.kafka.common.utils.AppInfoParser     : Kafka startTimeMs: 1762688510509
2025-11-09T17:11:50.521+05:30  INFO 18184 --- [ad | producer-1] org.apache.kafka.clients.Metadata        : [Producer clientId=producer-1] Cluster ID: pIcME_RgTySqeACZdnQxwg
2025-11-09T17:11:50.522+05:30  INFO 18184 --- [ad | producer-1] o.a.k.c.p.internals.TransactionManager   : [Producer clientId=producer-1] ProducerId set to 1 with epoch 0
2025-11-09T17:11:50.799+05:30  INFO 18184 --- [ntainer#0-0-C-1] c.j.midascore.kafka.TransactionListener  : Processed transaction: 3 -> 2 amount 123.78
2025-11-09T17:11:50.817+05:30  INFO 18184 --- [ntainer#0-0-C-1] c.j.midascore.kafka.TransactionListener  : Processed transaction: 1 -> 4 amount 144.73
2025-11-09T17:11:50.833+05:30  INFO 18184 --- [ntainer#0-0-C-1] c.j.midascore.kafka.TransactionListener  : Processed transaction: 5 -> 2 amount 183.2
2025-11-09T17:11:50.849+05:30  INFO 18184 --- [ntainer#0-0-C-1] c.j.midascore.kafka.TransactionListener  : Processed transaction: 10 -> 1 amount 123.74
2025-11-09T17:11:50.865+05:30  INFO 18184 --- [ntainer#0-0-C-1] c.j.midascore.kafka.TransactionListener  : Processed transaction: 3 -> 2 amount 164.17
2025-11-09T17:11:50.880+05:30  INFO 18184 --- [ntainer#0-0-C-1] c.j.midascore.kafka.TransactionListener  : Processed transaction: 2 -> 9 amount 20.3
2025-11-09T17:11:50.896+05:30  INFO 18184 --- [ntainer#0-0-C-1] c.j.midascore.kafka.TransactionListener  : Processed transaction: 9 -> 3 amount 182.62
2025-11-09T17:11:50.918+05:30  INFO 18184 --- [ntainer#0-0-C-1] c.j.midascore.kafka.TransactionListener  : Processed transaction: 4 -> 8 amount 21.59
2025-11-09T17:11:50.936+05:30  INFO 18184 --- [ntainer#0-0-C-1] c.j.midascore.kafka.TransactionListener  : Processed transaction: 5 -> 10 amount 90.29
2025-11-09T17:11:50.952+05:30  INFO 18184 --- [ntainer#0-0-C-1] c.j.midascore.kafka.TransactionListener  : Processed transaction: 5 -> 1 amount 47.96
2025-11-09T17:11:50.970+05:30  INFO 18184 --- [ntainer#0-0-C-1] c.j.midascore.kafka.TransactionListener  : Processed transaction: 5 -> 3 amount 71.52
2025-11-09T17:11:50.975+05:30  INFO 18184 --- [ntainer#0-0-C-1] c.j.midascore.kafka.TransactionListener  : Processed transaction: 8 -> 7 amount 157.84
2025-11-09T17:11:50.992+05:30  INFO 18184 --- [ntainer#0-0-C-1] c.j.midascore.kafka.TransactionListener  : Processed transaction: 6 -> 1 amount 46.81
2025-11-09T17:11:51.008+05:30  INFO 18184 --- [ntainer#0-0-C-1] c.j.midascore.kafka.TransactionListener  : Processed transaction: 1 -> 10 amount 69.1
2025-11-09T17:11:51.024+05:30  INFO 18184 --- [ntainer#0-0-C-1] c.j.midascore.kafka.TransactionListener  : Processed transaction: 2 -> 1 amount 130.97
2025-11-09T17:11:51.043+05:30  INFO 18184 --- [ntainer#0-0-C-1] c.j.midascore.kafka.TransactionListener  : Processed transaction: 4 -> 2 amount 32.27
2025-11-09T17:11:51.046+05:30  INFO 18184 --- [ntainer#0-0-C-1] c.j.midascore.kafka.TransactionListener  : Processed transaction: 8 -> 2 amount 92.38
2025-11-09T17:11:51.075+05:30  INFO 18184 --- [ntainer#0-0-C-1] c.j.midascore.kafka.TransactionListener  : Processed transaction: 7 -> 9 amount 120.11
2025-11-09T17:11:51.080+05:30  INFO 18184 --- [ntainer#0-0-C-1] c.j.midascore.kafka.TransactionListener  : Processed transaction: 5 -> 1 amount 64.47
2025-11-09T17:11:51.098+05:30  INFO 18184 --- [ntainer#0-0-C-1] c.j.midascore.kafka.TransactionListener  : Processed transaction: 5 -> 4 amount 37.76
2025-11-09T17:11:51.114+05:30  INFO 18184 --- [ntainer#0-0-C-1] c.j.midascore.kafka.TransactionListener  : Processed transaction: 5 -> 6 amount 3.4
2025-11-09T17:11:51.129+05:30  INFO 18184 --- [ntainer#0-0-C-1] c.j.midascore.kafka.TransactionListener  : Processed transaction: 1 -> 8 amount 8.9
2025-11-09T17:11:52.551+05:30  INFO 18184 --- [           main] com.jpmc.midascore.TaskFiveTests         : ----------------------------------------------------------
2025-11-09T17:11:52.551+05:30  INFO 18184 --- [           main] com.jpmc.midascore.TaskFiveTests         : ----------------------------------------------------------
2025-11-09T17:11:52.551+05:30  INFO 18184 --- [           main] com.jpmc.midascore.TaskFiveTests         : ----------------------------------------------------------
2025-11-09T17:11:52.551+05:30  INFO 18184 --- [           main] com.jpmc.midascore.TaskFiveTests         : submit the following output to complete the task (include begin and end output denotations)
2025-11-09T17:11:52.640+05:30  INFO 18184 --- [io-33400-exec-1] o.a.c.c.C.[Tomcat].[localhost].[/]       : Initializing Spring DispatcherServlet 'dispatcherServlet'
2025-11-09T17:11:52.641+05:30  INFO 18184 --- [io-33400-exec-1] o.s.web.servlet.DispatcherServlet        : Initializing Servlet 'dispatcherServlet'
2025-11-09T17:11:52.642+05:30  INFO 18184 --- [io-33400-exec-1] o.s.web.servlet.DispatcherServlet        : Completed initialization in 1 ms
2025-11-09T17:11:53.358+05:30  INFO 18184 --- [           main] com.jpmc.midascore.TaskFiveTests         : 
---begin output ---
Balance {amount=0.0}
Balance {amount=126.75}
Balance {amount=352.15}
Balance {amount=-33.81}
Balance {amount=128.63}
Balance {amount=-434.13}
Balance {amount=-43.41}
Balance {amount=-120.11}
Balance {amount=30.49}
Balance {amount=-42.21}
Balance {amount=35.65}
Balance {amount=0.0}
Balance {amount=0.0}
---end output ---
]]></system-out>
    <system-err><![CDATA[SLF4J: Class path contains multiple SLF4J providers.
SLF4J: Found provider [ch.qos.logback.classic.spi.LogbackServiceProvider@333291e3]
SLF4J: Found provider [org.slf4j.simple.SimpleServiceProvider@479d31f3]
SLF4J: See https://www.slf4j.org/codes.html#multiple_bindings for an explanation.
SLF4J: Actual provider is of type [ch.qos.logback.classic.spi.LogbackServiceProvider@333291e3]
]]></system-err>
  </testcase>
</testsuite>